TN:
SF:/home/dani/Desktop/code/faculta/an1/sem2/OOP/lab6_reloaded/FileRepository.h
FN:14,_ZN14FileRepositoryI10VictimFileEC2ERKS1_
FN:14,_ZN14FileRepositoryI10VictimFileED2Ev
FN:25,_ZN14FileRepositoryI10VictimFileEC2ENSt7__cxx1112basic_stringIcSt11char_traitsIcESaIcEEE
FNDA:20,_ZN14FileRepositoryI10VictimFileEC2ERKS1_
FNDA:48,_ZN14FileRepositoryI10VictimFileED2Ev
FNDA:27,_ZN14FileRepositoryI10VictimFileEC2ENSt7__cxx1112basic_stringIcSt11char_traitsIcESaIcEEE
FNF:3
FNH:3
DA:14,68
DA:25,27
DA:26,27
DA:27,27
LF:4
LH:4
end_of_record
SF:/home/dani/Desktop/code/faculta/an1/sem2/OOP/lab6_reloaded/Mode.h
FN:13,_ZN4ModeD2Ev
FN:18,_ZN4ModeC2Ev
FNDA:3,_ZN4ModeD2Ev
FNDA:2,_ZN4ModeC2Ev
FNF:2
FNH:2
DA:13,3
DA:18,2
LF:2
LH:2
end_of_record
SF:/home/dani/Desktop/code/faculta/an1/sem2/OOP/lab6_reloaded/Scanner.h
FN:12,_ZN7ScannerD2Ev
FN:39,_ZN7ScannerC2Ev
FNDA:1,_ZN7ScannerD2Ev
FNDA:1,_ZN7ScannerC2Ev
FNF:2
FNH:2
DA:12,1
DA:39,1
LF:2
LH:2
end_of_record
SF:/home/dani/Desktop/code/faculta/an1/sem2/OOP/lab6_reloaded/VictimFile.h
FN:10,_ZN10VictimFileD2Ev
FN:46,_ZN10VictimFileC2ERKS_
FNDA:826,_ZN10VictimFileD2Ev
FNDA:653,_ZN10VictimFileC2ERKS_
FNF:2
FNH:2
DA:10,826
DA:46,653
LF:2
LH:2
end_of_record
SF:/home/dani/Desktop/code/faculta/an1/sem2/OOP/lab6_reloaded/VictimFileService.h
FN:12,_ZN17VictimFileServiceD2Ev
FNDA:11,_ZN17VictimFileServiceD2Ev
FNF:1
FNH:1
DA:12,11
LF:1
LH:1
end_of_record
SF:/home/dani/Desktop/code/faculta/an1/sem2/OOP/lab6_reloaded/main.cpp
FN:5,main
FN:14,_Z41__static_initialization_and_destruction_0ii
FN:14,_GLOBAL__sub_I_main
FNDA:1,main
FNDA:1,_GLOBAL__sub_I_main
FNDA:1,_Z41__static_initialization_and_destruction_0ii
FNF:3
FNH:3
DA:5,1
DA:7,1
DA:8,2
DA:9,2
DA:11,2
DA:12,1
DA:13,1
DA:14,3
LF:8
LH:8
end_of_record
SF:/usr/include/c++/7/bits/alloc_traits.h
FN:435,_ZNSt16allocator_traitsISaI10VictimFileEE8allocateERS1_m
FN:461,_ZNSt16allocator_traitsISaI10VictimFileEE10deallocateERS1_PS0_m
FN:504,_ZNSt16allocator_traitsISaI10VictimFileEE37select_on_container_copy_constructionERKS1_
FN:535,_ZSt18__do_alloc_on_moveISaI10VictimFileEEvRT_S3_St17integral_constantIbLb1EE
FN:543,_ZSt15__alloc_on_moveISaI10VictimFileEEvRT_S3_
FNDA:93,_ZNSt16allocator_traitsISaI10VictimFileEE8allocateERS1_m
FNDA:93,_ZNSt16allocator_traitsISaI10VictimFileEE10deallocateERS1_PS0_m
FNDA:23,_ZNSt16allocator_traitsISaI10VictimFileEE37select_on_container_copy_constructionERKS1_
FNDA:28,_ZSt18__do_alloc_on_moveISaI10VictimFileEEvRT_S3_St17integral_constantIbLb1EE
FNDA:28,_ZSt15__alloc_on_moveISaI10VictimFileEEvRT_S3_
FNF:5
FNH:5
DA:435,93
DA:436,93
DA:461,93
DA:462,93
DA:504,23
DA:505,23
DA:535,28
DA:536,28
DA:543,28
DA:547,28
DA:548,28
LF:11
LH:11
end_of_record
SF:/usr/include/c++/7/bits/allocator.h
FN:131,_ZNSaI10VictimFileEC2Ev
FN:133,_ZNSaI10VictimFileEC2ERKS0_
FN:139,_ZNSaI10VictimFileED2Ev
FNDA:64,_ZNSaI10VictimFileEC2Ev
FNDA:102,_ZNSaI10VictimFileEC2ERKS0_
FNDA:166,_ZNSaI10VictimFileED2Ev
FNF:3
FNH:3
DA:131,64
DA:133,102
DA:134,102
DA:139,166
LF:4
LH:4
end_of_record
SF:/usr/include/c++/7/bits/move.h
FN:47,_ZSt11__addressofI10VictimFileEPT_RS1_
FN:73,_ZSt7forwardIRK10VictimFileEOT_RNSt16remove_referenceIS3_E4typeE
FN:98,_ZSt4moveIRSaI10VictimFileEEONSt16remove_referenceIT_E4typeEOS4_
FN:98,_ZSt4moveIRP10VictimFileEONSt16remove_referenceIT_E4typeEOS4_
FN:98,_ZSt4moveIRSt6vectorI10VictimFileSaIS1_EEEONSt16remove_referenceIT_E4typeEOS6_
FN:187,_ZSt4swapIP10VictimFileENSt9enable_ifIXsrSt6__and_IJSt6__not_ISt15__is_tuple_likeIT_EESt21is_move_constructibleIS6_ESt18is_move_assignableIS6_EEE5valueEvE4typeERS6_SG_
FNDA:678,_ZSt11__addressofI10VictimFileEPT_RS1_
FNDA:1050,_ZSt7forwardIRK10VictimFileEOT_RNSt16remove_referenceIS3_E4typeE
FNDA:28,_ZSt4moveIRSaI10VictimFileEEONSt16remove_referenceIT_E4typeEOS4_
FNDA:504,_ZSt4moveIRP10VictimFileEONSt16remove_referenceIT_E4typeEOS4_
FNDA:28,_ZSt4moveIRSt6vectorI10VictimFileSaIS1_EEEONSt16remove_referenceIT_E4typeEOS6_
FNDA:168,_ZSt4swapIP10VictimFileENSt9enable_ifIXsrSt6__and_IJSt6__not_ISt15__is_tuple_likeIT_EESt21is_move_constructibleIS6_ESt18is_move_assignableIS6_EEE5valueEvE4typeERS6_SG_
FNF:6
FNH:6
DA:47,678
DA:48,678
DA:73,1050
DA:74,1050
DA:98,560
DA:99,560
DA:187,168
DA:198,168
DA:199,168
DA:200,168
DA:201,168
LF:11
LH:11
end_of_record
SF:/usr/include/c++/7/bits/stl_construct.h
FN:74,_ZSt10_ConstructI10VictimFileJRKS0_EEvPT_DpOT0_
FN:97,_ZSt8_DestroyI10VictimFileEvPT_
FN:105,_ZNSt12_Destroy_auxILb0EE9__destroyIP10VictimFileEEvT_S4_
FN:127,_ZSt8_DestroyIP10VictimFileEvT_S2_
FN:203,_ZSt8_DestroyIP10VictimFileS0_EvT_S2_RSaIT0_E
FNDA:108,_ZSt10_ConstructI10VictimFileJRKS0_EEvPT_DpOT0_
FNDA:570,_ZSt8_DestroyI10VictimFileEvPT_
FNDA:433,_ZNSt12_Destroy_auxILb0EE9__destroyIP10VictimFileEEvT_S4_
FNDA:433,_ZSt8_DestroyIP10VictimFileEvT_S2_
FNDA:433,_ZSt8_DestroyIP10VictimFileS0_EvT_S2_RSaIT0_E
FNF:5
FNH:5
DA:74,108
DA:75,108
DA:97,570
DA:98,570
DA:105,1003
DA:107,1573
DA:108,570
DA:109,433
DA:127,433
DA:137,433
DA:138,433
DA:203,433
DA:206,433
DA:207,433
LF:14
LH:14
end_of_record
SF:/usr/include/c++/7/bits/stl_iterator.h
FN:779,_ZN9__gnu_cxx17__normal_iteratorIPK10VictimFileSt6vectorIS1_SaIS1_EEEC2ERKS3_
FN:792,_ZNK9__gnu_cxx17__normal_iteratorIPK10VictimFileSt6vectorIS1_SaIS1_EEEdeEv
FN:800,_ZN9__gnu_cxx17__normal_iteratorIPK10VictimFileSt6vectorIS1_SaIS1_EEEppEv
FN:844,_ZNK9__gnu_cxx17__normal_iteratorIPK10VictimFileSt6vectorIS1_SaIS1_EEE4baseEv
FN:880,_ZN9__gnu_cxxneIPK10VictimFileSt6vectorIS1_SaIS1_EEEEbRKNS_17__normal_iteratorIT_T0_EESC_
FNDA:52,_ZN9__gnu_cxx17__normal_iteratorIPK10VictimFileSt6vectorIS1_SaIS1_EEEC2ERKS3_
FNDA:11,_ZNK9__gnu_cxx17__normal_iteratorIPK10VictimFileSt6vectorIS1_SaIS1_EEEdeEv
FNDA:11,_ZN9__gnu_cxx17__normal_iteratorIPK10VictimFileSt6vectorIS1_SaIS1_EEEppEv
FNDA:80,_ZNK9__gnu_cxx17__normal_iteratorIPK10VictimFileSt6vectorIS1_SaIS1_EEE4baseEv
FNDA:34,_ZN9__gnu_cxxneIPK10VictimFileSt6vectorIS1_SaIS1_EEEEbRKNS_17__normal_iteratorIT_T0_EESC_
FNF:5
FNH:5
DA:779,52
DA:780,52
DA:792,11
DA:793,11
DA:800,11
DA:802,11
DA:803,11
DA:844,80
DA:845,80
DA:880,34
DA:883,34
LF:11
LH:11
end_of_record
SF:/usr/include/c++/7/bits/stl_uninitialized.h
FN:76,_ZNSt20__uninitialized_copyILb0EE13__uninit_copyIN9__gnu_cxx17__normal_iteratorIPK10VictimFileSt6vectorIS4_SaIS4_EEEEPS4_EET0_T_SD_SC_
FN:115,_ZSt18uninitialized_copyIN9__gnu_cxx17__normal_iteratorIPK10VictimFileSt6vectorIS2_SaIS2_EEEEPS2_ET0_T_SB_SA_
FN:287,_ZSt22__uninitialized_copy_aIN9__gnu_cxx17__normal_iteratorIPK10VictimFileSt6vectorIS2_SaIS2_EEEEPS2_S2_ET0_T_SB_SA_RSaIT1_E
FNDA:23,_ZNSt20__uninitialized_copyILb0EE13__uninit_copyIN9__gnu_cxx17__normal_iteratorIPK10VictimFileSt6vectorIS4_SaIS4_EEEEPS4_EET0_T_SD_SC_
FNDA:23,_ZSt18uninitialized_copyIN9__gnu_cxx17__normal_iteratorIPK10VictimFileSt6vectorIS2_SaIS2_EEEEPS2_ET0_T_SB_SA_
FNDA:23,_ZSt22__uninitialized_copy_aIN9__gnu_cxx17__normal_iteratorIPK10VictimFileSt6vectorIS2_SaIS2_EEEEPS2_S2_ET0_T_SB_SA_RSaIT1_E
FNF:3
FNH:3
DA:76,23
DA:79,23
DA:82,45
DA:83,11
DA:84,23
DA:86,0
DA:88,0
DA:89,0
DA:115,23
DA:128,23
DA:134,23
DA:287,23
DA:289,23
LF:13
LH:10
end_of_record
SF:/usr/include/c++/7/bits/stl_vector.h
FN:81,_ZNSt12_Vector_baseI10VictimFileSaIS0_EE12_Vector_implD2Ev
FN:88,_ZNSt12_Vector_baseI10VictimFileSaIS0_EE12_Vector_implC2Ev
FN:92,_ZNSt12_Vector_baseI10VictimFileSaIS0_EE12_Vector_implC2ERKS1_
FN:103,_ZNSt12_Vector_baseI10VictimFileSaIS0_EE12_Vector_impl12_M_swap_dataERS3_
FN:115,_ZNSt12_Vector_baseI10VictimFileSaIS0_EE19_M_get_Tp_allocatorEv
FN:119,_ZNKSt12_Vector_baseI10VictimFileSaIS0_EE19_M_get_Tp_allocatorEv
FN:123,_ZNKSt12_Vector_baseI10VictimFileSaIS0_EE13get_allocatorEv
FN:126,_ZNSt12_Vector_baseI10VictimFileSaIS0_EEC2Ev
FN:129,_ZNSt12_Vector_baseI10VictimFileSaIS0_EEC2ERKS1_
FN:136,_ZNSt12_Vector_baseI10VictimFileSaIS0_EEC2EmRKS1_
FN:161,_ZNSt12_Vector_baseI10VictimFileSaIS0_EED2Ev
FN:169,_ZNSt12_Vector_baseI10VictimFileSaIS0_EE11_M_allocateEm
FN:176,_ZNSt12_Vector_baseI10VictimFileSaIS0_EE13_M_deallocateEPS0_m
FN:185,_ZNSt12_Vector_baseI10VictimFileSaIS0_EE17_M_create_storageEm
FN:259,_ZNSt6vectorI10VictimFileSaIS0_EEC2Ev
FN:270,_ZNSt6vectorI10VictimFileSaIS0_EEC2ERKS1_
FN:326,_ZNSt6vectorI10VictimFileSaIS0_EEC2ERKS2_
FN:433,_ZNSt6vectorI10VictimFileSaIS0_EED2Ev
FN:461,_ZNSt6vectorI10VictimFileSaIS0_EEaSEOS2_
FN:572,_ZNKSt6vectorI10VictimFileSaIS0_EE5beginEv
FN:590,_ZNKSt6vectorI10VictimFileSaIS0_EE3endEv
FN:670,_ZNKSt6vectorI10VictimFileSaIS0_EE4sizeEv
FN:1529,_ZNSt6vectorI10VictimFileSaIS0_EE14_M_move_assignEOS2_St17integral_constantIbLb1EE
FNDA:115,_ZNSt12_Vector_baseI10VictimFileSaIS0_EE12_Vector_implD2Ev
FNDA:64,_ZNSt12_Vector_baseI10VictimFileSaIS0_EE12_Vector_implC2Ev
FNDA:51,_ZNSt12_Vector_baseI10VictimFileSaIS0_EE12_Vector_implC2ERKS1_
FNDA:56,_ZNSt12_Vector_baseI10VictimFileSaIS0_EE12_Vector_impl12_M_swap_dataERS3_
FNDA:694,_ZNSt12_Vector_baseI10VictimFileSaIS0_EE19_M_get_Tp_allocatorEv
FNDA:231,_ZNKSt12_Vector_baseI10VictimFileSaIS0_EE19_M_get_Tp_allocatorEv
FNDA:28,_ZNKSt12_Vector_baseI10VictimFileSaIS0_EE13get_allocatorEv
FNDA:64,_ZNSt12_Vector_baseI10VictimFileSaIS0_EEC2Ev
FNDA:28,_ZNSt12_Vector_baseI10VictimFileSaIS0_EEC2ERKS1_
FNDA:23,_ZNSt12_Vector_baseI10VictimFileSaIS0_EEC2EmRKS1_
FNDA:115,_ZNSt12_Vector_baseI10VictimFileSaIS0_EED2Ev
FNDA:113,_ZNSt12_Vector_baseI10VictimFileSaIS0_EE11_M_allocateEm
FNDA:205,_ZNSt12_Vector_baseI10VictimFileSaIS0_EE13_M_deallocateEPS0_m
FNDA:23,_ZNSt12_Vector_baseI10VictimFileSaIS0_EE17_M_create_storageEm
FNDA:64,_ZNSt6vectorI10VictimFileSaIS0_EEC2Ev
FNDA:28,_ZNSt6vectorI10VictimFileSaIS0_EEC2ERKS1_
FNDA:23,_ZNSt6vectorI10VictimFileSaIS0_EEC2ERKS2_
FNDA:115,_ZNSt6vectorI10VictimFileSaIS0_EED2Ev
FNDA:28,_ZNSt6vectorI10VictimFileSaIS0_EEaSEOS2_
FNDA:25,_ZNKSt6vectorI10VictimFileSaIS0_EE5beginEv
FNDA:25,_ZNKSt6vectorI10VictimFileSaIS0_EE3endEv
FNDA:597,_ZNKSt6vectorI10VictimFileSaIS0_EE4sizeEv
FNDA:28,_ZNSt6vectorI10VictimFileSaIS0_EE14_M_move_assignEOS2_St17integral_constantIbLb1EE
FNF:23
FNH:23
DA:81,115
DA:88,64
DA:89,64
DA:90,64
DA:92,51
DA:93,51
DA:94,51
DA:103,56
DA:105,56
DA:106,56
DA:107,56
DA:108,56
DA:115,694
DA:116,694
DA:119,231
DA:120,231
DA:123,28
DA:124,28
DA:126,64
DA:127,64
DA:129,28
DA:130,28
DA:136,23
DA:137,23
DA:138,23
DA:161,115
DA:162,230
DA:163,230
DA:169,113
DA:172,113
DA:176,205
DA:179,205
DA:180,93
DA:181,205
DA:185,23
DA:187,23
DA:188,23
DA:189,23
DA:190,23
DA:259,64
DA:263,64
DA:270,28
DA:271,28
DA:326,23
DA:328,23
DA:330,23
DA:331,23
DA:333,23
DA:334,23
DA:433,115
DA:434,115
DA:435,230
DA:461,28
DA:463,28
DA:466,28
DA:467,28
DA:572,25
DA:573,25
DA:590,25
DA:591,25
DA:670,597
DA:671,597
DA:1529,28
DA:1531,56
DA:1532,28
DA:1533,28
DA:1534,28
DA:1535,28
LF:68
LH:68
end_of_record
SF:/usr/include/c++/7/ext/alloc_traits.h
FN:94,_ZN9__gnu_cxx14__alloc_traitsISaI10VictimFileEE17_S_select_on_copyERKS2_
FNDA:23,_ZN9__gnu_cxx14__alloc_traitsISaI10VictimFileEE17_S_select_on_copyERKS2_
FNF:1
FNH:1
DA:94,23
DA:95,23
LF:2
LH:2
end_of_record
SF:/usr/include/c++/7/ext/new_allocator.h
FN:79,_ZN9__gnu_cxx13new_allocatorI10VictimFileEC2Ev
FN:81,_ZN9__gnu_cxx13new_allocatorI10VictimFileEC2ERKS2_
FN:86,_ZN9__gnu_cxx13new_allocatorI10VictimFileED2Ev
FN:99,_ZN9__gnu_cxx13new_allocatorI10VictimFileE8allocateEmPKv
FN:116,_ZN9__gnu_cxx13new_allocatorI10VictimFileE10deallocateEPS1_m
FN:129,_ZNK9__gnu_cxx13new_allocatorI10VictimFileE8max_sizeEv
FNDA:64,_ZN9__gnu_cxx13new_allocatorI10VictimFileEC2Ev
FNDA:102,_ZN9__gnu_cxx13new_allocatorI10VictimFileEC2ERKS2_
FNDA:166,_ZN9__gnu_cxx13new_allocatorI10VictimFileED2Ev
FNDA:93,_ZN9__gnu_cxx13new_allocatorI10VictimFileE8allocateEmPKv
FNDA:93,_ZN9__gnu_cxx13new_allocatorI10VictimFileE10deallocateEPS1_m
FNDA:273,_ZNK9__gnu_cxx13new_allocatorI10VictimFileE8max_sizeEv
FNF:6
FNH:6
DA:79,64
DA:81,102
DA:86,166
DA:99,93
DA:101,93
DA:102,0
DA:111,93
DA:116,93
DA:125,93
DA:126,93
DA:129,273
DA:130,273
LF:12
LH:11
end_of_record
SF:/usr/include/c++/7/iostream
DA:74,1
LF:1
LH:1
end_of_record
SF:/usr/include/c++/7/new
FN:168,_ZnwmPv
FN:174,_ZdlPvS_
FNDA:570,_ZnwmPv
FNDA:0,_ZdlPvS_
FNF:2
FNH:1
DA:168,570
DA:169,570
DA:174,0
LF:3
LH:2
end_of_record
SF:/home/dani/Desktop/code/faculta/an1/sem2/OOP/lab6_reloaded/FileRepository.h
DA:14,68
DA:25,27
DA:26,27
DA:27,27
LF:4
LH:4
end_of_record
SF:/home/dani/Desktop/code/faculta/an1/sem2/OOP/lab6_reloaded/Mode.h
DA:13,3
DA:18,2
LF:2
LH:2
end_of_record
SF:/home/dani/Desktop/code/faculta/an1/sem2/OOP/lab6_reloaded/Scanner.h
DA:12,1
DA:39,1
LF:2
LH:2
end_of_record
SF:/home/dani/Desktop/code/faculta/an1/sem2/OOP/lab6_reloaded/VictimFile.h
DA:10,826
DA:46,653
LF:2
LH:2
end_of_record
SF:/home/dani/Desktop/code/faculta/an1/sem2/OOP/lab6_reloaded/VictimFileService.h
DA:12,11
LF:1
LH:1
end_of_record
SF:/usr/include/c++/7/ext/alloc_traits.h
DA:94,23
DA:95,23
LF:2
LH:2
end_of_record
SF:/usr/include/c++/7/bits/allocator.h
DA:131,64
DA:133,102
DA:134,102
DA:139,166
LF:4
LH:4
end_of_record
SF:/usr/include/c++/7/iostream
DA:74,1
LF:1
LH:1
end_of_record
SF:/home/dani/Desktop/code/faculta/an1/sem2/OOP/lab6_reloaded/main.cpp
DA:5,1
DA:7,1
DA:8,2
DA:9,2
DA:11,2
DA:12,1
DA:13,1
DA:14,3
LF:8
LH:8
end_of_record
SF:/usr/include/c++/7/bits/move.h
DA:47,678
DA:48,678
DA:73,1050
DA:74,1050
DA:98,560
DA:99,560
DA:187,168
DA:198,168
DA:199,168
DA:200,168
DA:201,168
LF:11
LH:11
end_of_record
SF:/usr/include/c++/7/new
DA:168,570
DA:169,570
DA:174,0
LF:3
LH:2
end_of_record
SF:/usr/include/c++/7/ext/new_allocator.h
DA:79,64
DA:81,102
DA:86,166
DA:99,93
DA:101,93
DA:102,0
DA:111,93
DA:116,93
DA:125,93
DA:126,93
DA:129,273
DA:130,273
LF:12
LH:11
end_of_record
SF:/usr/include/c++/7/bits/stl_construct.h
DA:74,108
DA:75,108
DA:97,570
DA:98,570
DA:105,1003
DA:107,1573
DA:108,570
DA:109,433
DA:127,433
DA:137,433
DA:138,433
DA:203,433
DA:206,433
DA:207,433
LF:14
LH:14
end_of_record
SF:/usr/include/c++/7/bits/stl_iterator.h
DA:779,52
DA:780,52
DA:792,11
DA:793,11
DA:800,11
DA:802,11
DA:803,11
DA:844,80
DA:845,80
DA:880,34
DA:883,34
LF:11
LH:11
end_of_record
SF:/usr/include/c++/7/bits/stl_uninitialized.h
DA:76,23
DA:79,23
DA:82,45
DA:83,11
DA:84,23
DA:86,0
DA:88,0
DA:89,0
DA:115,23
DA:128,23
DA:134,23
DA:287,23
DA:289,23
LF:13
LH:10
end_of_record
SF:/usr/include/c++/7/bits/stl_vector.h
DA:81,115
DA:88,64
DA:89,64
DA:90,64
DA:92,51
DA:93,51
DA:94,51
DA:103,56
DA:105,56
DA:106,56
DA:107,56
DA:108,56
DA:115,694
DA:116,694
DA:119,231
DA:120,231
DA:123,28
DA:124,28
DA:126,64
DA:127,64
DA:129,28
DA:130,28
DA:136,23
DA:137,23
DA:138,23
DA:161,115
DA:162,230
DA:163,230
DA:169,113
DA:172,113
DA:176,205
DA:179,205
DA:180,93
DA:181,205
DA:185,23
DA:187,23
DA:188,23
DA:189,23
DA:190,23
DA:259,64
DA:263,64
DA:270,28
DA:271,28
DA:326,23
DA:328,23
DA:330,23
DA:331,23
DA:333,23
DA:334,23
DA:433,115
DA:434,115
DA:435,230
DA:461,28
DA:463,28
DA:466,28
DA:467,28
DA:572,25
DA:573,25
DA:590,25
DA:591,25
DA:670,597
DA:671,597
DA:1529,28
DA:1531,56
DA:1532,28
DA:1533,28
DA:1534,28
DA:1535,28
LF:68
LH:68
end_of_record
TN:
SF:/home/dani/Desktop/code/faculta/an1/sem2/OOP/lab6_reloaded/FileRepository.h
FN:14,_ZN14FileRepositoryI10VictimFileEC2ERKS1_
FN:14,_ZN14FileRepositoryI10VictimFileED2Ev
FN:25,_ZN14FileRepositoryI10VictimFileEC2ENSt7__cxx1112basic_stringIcSt11char_traitsIcESaIcEEE
FNDA:0,_ZN14FileRepositoryI10VictimFileEC2ERKS1_
FNDA:0,_ZN14FileRepositoryI10VictimFileED2Ev
FNDA:0,_ZN14FileRepositoryI10VictimFileEC2ENSt7__cxx1112basic_stringIcSt11char_traitsIcESaIcEEE
FNF:3
FNH:0
DA:14,0
DA:25,0
DA:26,0
DA:27,0
LF:4
LH:0
end_of_record
SF:/home/dani/Desktop/code/faculta/an1/sem2/OOP/lab6_reloaded/Mode.h
FN:18,_ZN4ModeC2Ev
FN:19,_ZN4Mode7setModeENSt7__cxx1112basic_stringIcSt11char_traitsIcESaIcEEE
FN:20,_ZN4Mode7getModeB5cxx11Ev
FNDA:0,_ZN4ModeC2Ev
FNDA:1,_ZN4Mode7setModeENSt7__cxx1112basic_stringIcSt11char_traitsIcESaIcEEE
FNDA:3,_ZN4Mode7getModeB5cxx11Ev
FNF:3
FNH:2
DA:18,0
DA:19,1
DA:20,3
LF:3
LH:2
end_of_record
SF:/home/dani/Desktop/code/faculta/an1/sem2/OOP/lab6_reloaded/Scanner.cpp
FN:10,_ZN7Scanner10runConsoleEv
FN:62,_ZN7Scanner9listModeAEv
FN:66,_ZN7Scanner8addModeAEv
FN:77,_ZN7Scanner11removeModeAEv
FN:84,_ZN7Scanner7setModeEv
FN:93,_ZN7Scanner11updateModeAEv
FN:105,_ZN7Scanner5printESt6vectorI10VictimFileSaIS1_EE
FN:111,_ZN7Scanner20isValidNaturalNumberENSt7__cxx1112basic_stringIcSt11char_traitsIcESaIcEEE
FN:115,_ZN7Scanner8isNumberENSt7__cxx1112basic_stringIcSt11char_traitsIcESaIcEEE
FN:119,_ZN7ScannerC2ERK17VictimFileService
FN:121,_ZN7Scanner9listModeBEv
FN:142,_ZN7Scanner9nextModeBEv
FN:152,_ZN7Scanner9saveModeBEv
FN:162,_ZN7Scanner11mylistModeBEv
FN:168,_ZN7Scanner17setIterationStartEv
FN:172,_ZN7Scanner28removeUnnecessaryWhitespacesENSt7__cxx1112basic_stringIcSt11char_traitsIcESaIcEEE
FN:174,_Z41__static_initialization_and_destruction_0ii
FN:174,_GLOBAL__sub_I__ZN7Scanner10runConsoleEv
FNDA:1,_ZN7Scanner10runConsoleEv
FNDA:0,_ZN7Scanner9listModeAEv
FNDA:0,_ZN7Scanner8addModeAEv
FNDA:0,_ZN7Scanner11removeModeAEv
FNDA:0,_ZN7Scanner7setModeEv
FNDA:0,_ZN7Scanner11updateModeAEv
FNDA:0,_ZN7Scanner5printESt6vectorI10VictimFileSaIS1_EE
FNDA:0,_ZN7Scanner20isValidNaturalNumberENSt7__cxx1112basic_stringIcSt11char_traitsIcESaIcEEE
FNDA:0,_ZN7Scanner8isNumberENSt7__cxx1112basic_stringIcSt11char_traitsIcESaIcEEE
FNDA:0,_ZN7ScannerC2ERK17VictimFileService
FNDA:0,_ZN7Scanner9listModeBEv
FNDA:0,_ZN7Scanner9nextModeBEv
FNDA:0,_ZN7Scanner9saveModeBEv
FNDA:0,_ZN7Scanner11mylistModeBEv
FNDA:0,_ZN7Scanner17setIterationStartEv
FNDA:0,_ZN7Scanner28removeUnnecessaryWhitespacesENSt7__cxx1112basic_stringIcSt11char_traitsIcESaIcEEE
FNDA:1,_GLOBAL__sub_I__ZN7Scanner10runConsoleEv
FNDA:1,_Z41__static_initialization_and_destruction_0ii
FNF:18
FNH:3
DA:10,1
DA:11,1
DA:12,2
DA:13,3
DA:14,1
DA:15,1
DA:16,1
DA:17,0
DA:18,0
DA:19,0
DA:20,0
DA:21,0
DA:23,0
DA:24,0
DA:25,0
DA:27,0
DA:28,0
DA:29,0
DA:30,0
DA:31,0
DA:32,0
DA:33,0
DA:34,0
DA:35,0
DA:37,0
DA:38,0
DA:39,0
DA:40,0
DA:42,0
DA:43,0
DA:44,0
DA:46,0
DA:47,0
DA:48,0
DA:50,0
DA:51,0
DA:52,0
DA:54,0
DA:55,0
DA:56,0
DA:60,1
DA:62,0
DA:63,0
DA:64,0
DA:66,0
DA:67,0
DA:69,0
DA:70,0
DA:71,0
DA:72,0
DA:74,0
DA:77,0
DA:78,0
DA:79,0
DA:80,0
DA:81,0
DA:82,0
DA:84,0
DA:85,0
DA:86,0
DA:87,0
DA:88,0
DA:89,0
DA:91,0
DA:93,0
DA:94,0
DA:96,0
DA:97,0
DA:98,0
DA:99,0
DA:101,0
DA:105,0
DA:106,0
DA:107,0
DA:109,0
DA:111,0
DA:112,0
DA:115,0
DA:116,0
DA:119,0
DA:121,0
DA:122,0
DA:123,0
DA:124,0
DA:125,0
DA:126,0
DA:127,0
DA:128,0
DA:129,0
DA:130,0
DA:132,0
DA:133,0
DA:134,0
DA:135,0
DA:138,0
DA:140,0
DA:142,0
DA:143,0
DA:144,0
DA:145,0
DA:147,0
DA:149,0
DA:150,0
DA:152,0
DA:153,0
DA:154,0
DA:155,0
DA:156,0
DA:157,0
DA:158,0
DA:160,0
DA:162,0
DA:163,0
DA:164,0
DA:166,0
DA:168,0
DA:169,0
DA:170,0
DA:172,0
DA:173,0
DA:174,3
LF:121
LH:9
end_of_record
SF:/home/dani/Desktop/code/faculta/an1/sem2/OOP/lab6_reloaded/VictimFile.h
FN:10,_ZN10VictimFileD2Ev
FN:40,_ZN10VictimFile7getNameB5cxx11Ev
FN:46,_ZN10VictimFileC2ERKS_
FNDA:0,_ZN10VictimFileD2Ev
FNDA:4,_ZN10VictimFile7getNameB5cxx11Ev
FNDA:0,_ZN10VictimFileC2ERKS_
FNF:3
FNH:1
DA:10,0
DA:40,4
DA:46,0
LF:3
LH:1
end_of_record
SF:/home/dani/Desktop/code/faculta/an1/sem2/OOP/lab6_reloaded/VictimFileService.h
FN:12,_ZN17VictimFileServiceC2ERKS_
FN:12,_ZN17VictimFileServiceD2Ev
FNDA:0,_ZN17VictimFileServiceC2ERKS_
FNDA:0,_ZN17VictimFileServiceD2Ev
FNF:2
FNH:0
DA:12,0
LF:1
LH:0
end_of_record
SF:/usr/include/c++/7/bits/alloc_traits.h
FN:435,_ZNSt16allocator_traitsISaINSt7__cxx119sub_matchIN9__gnu_cxx17__normal_iteratorIPKcNS0_12basic_stringIcSt11char_traitsIcESaIcEEEEEEEEE8allocateERSD_m
FN:435,_ZNSt16allocator_traitsISaI10VictimFileEE8allocateERS1_m
FN:435,_ZNSt16allocator_traitsISaISt4pairIccEEE8allocateERS2_m
FN:435,_ZNSt16allocator_traitsISaINSt7__cxx1112regex_traitsIcE10_RegexMaskEEE8allocateERS4_m
FN:435,_ZNSt16allocator_traitsISaImEE8allocateERS0_m
FN:435,_ZNSt16allocator_traitsISaIlEE8allocateERS0_m
FN:435,_ZNSt16allocator_traitsISaISt13_Rb_tree_nodeISt4pairIKllEEEE8allocateERS5_m
FN:435,_ZNSt16allocator_traitsISaIPlEE8allocateERS1_m
FN:435,_ZNSt16allocator_traitsISaISt4pairIN9__gnu_cxx17__normal_iteratorIPKcNSt7__cxx1112basic_stringIcSt11char_traitsIcESaIcEEEEEiEEE8allocateERSD_m
FN:435,_ZNSt16allocator_traitsISaIcEE8allocateERS0_m
FN:435,_ZNSt16allocator_traitsISaISt4pairIlSt6vectorINSt7__cxx119sub_matchIN9__gnu_cxx17__normal_iteratorIPKcNS2_12basic_stringIcSt11char_traitsIcESaIcEEEEEEESaISE_EEEEE8allocateERSI_m
FN:435,_ZNSt16allocator_traitsISaISt4pairINSt7__cxx1112basic_stringIcSt11char_traitsIcESaIcEEES6_EEE8allocateERS8_m
FN:435,_ZNSt16allocator_traitsISaINSt8__detail9_StateSeqINSt7__cxx1112regex_traitsIcEEEEEE8allocateERS6_m
FN:435,_ZNSt16allocator_traitsISaINSt8__detail6_StateIcEEEE8allocateERS3_m
FN:435,_ZNSt16allocator_traitsISaINSt7__cxx1112basic_stringIcSt11char_traitsIcESaIcEEEEE8allocateERS6_m
FN:435,_ZNSt16allocator_traitsISaISt23_Sp_counted_ptr_inplaceINSt8__detail4_NFAINSt7__cxx1112regex_traitsIcEEEESaIS6_ELN9__gnu_cxx12_Lock_policyE2EEEE8allocateERSB_m
FN:435,_ZNSt16allocator_traitsISaIPNSt8__detail9_StateSeqINSt7__cxx1112regex_traitsIcEEEEEE8allocateERS7_m
FN:461,_ZNSt16allocator_traitsISaIPNSt8__detail9_StateSeqINSt7__cxx1112regex_traitsIcEEEEEE10deallocateERS7_PS6_m
FN:461,_ZNSt16allocator_traitsISaISt4pairIlSt6vectorINSt7__cxx119sub_matchIN9__gnu_cxx17__normal_iteratorIPKcNS2_12basic_stringIcSt11char_traitsIcESaIcEEEEEEESaISE_EEEEE10deallocateERSI_PSH_m
FN:461,_ZNSt16allocator_traitsISaINSt7__cxx1112regex_traitsIcE10_RegexMaskEEE10deallocateERS4_PS3_m
FN:461,_ZNSt16allocator_traitsISaIPlEE10deallocateERS1_PS0_m
FN:461,_ZNSt16allocator_traitsISaI10VictimFileEE10deallocateERS1_PS0_m
FN:461,_ZNSt16allocator_traitsISaImEE10deallocateERS0_Pmm
FN:461,_ZNSt16allocator_traitsISaINSt7__cxx1112basic_stringIcSt11char_traitsIcESaIcEEEEE10deallocateERS6_PS5_m
FN:461,_ZNSt16allocator_traitsISaISt4pairIccEEE10deallocateERS2_PS1_m
FN:461,_ZNSt16allocator_traitsISaISt23_Sp_counted_ptr_inplaceINSt8__detail4_NFAINSt7__cxx1112regex_traitsIcEEEESaIS6_ELN9__gnu_cxx12_Lock_policyE2EEEE10deallocateERSB_PSA_m
FN:461,_ZNSt16allocator_traitsISaINSt8__detail6_StateIcEEEE10deallocateERS3_PS2_m
FN:461,_ZNSt16allocator_traitsISaINSt8__detail9_StateSeqINSt7__cxx1112regex_traitsIcEEEEEE10deallocateERS6_PS5_m
FN:461,_ZNSt16allocator_traitsISaIcEE10deallocateERS0_Pcm
FN:461,_ZNSt16allocator_traitsISaISt13_Rb_tree_nodeISt4pairIKllEEEE10deallocateERS5_PS4_m
FN:461,_ZNSt16allocator_traitsISaISt4pairINSt7__cxx1112basic_stringIcSt11char_traitsIcESaIcEEES6_EEE10deallocateERS8_PS7_m
FN:461,_ZNSt16allocator_traitsISaIlEE10deallocateERS0_Plm
FN:461,_ZNSt16allocator_traitsISaISt4pairIN9__gnu_cxx17__normal_iteratorIPKcNSt7__cxx1112basic_stringIcSt11char_traitsIcESaIcEEEEEiEEE10deallocateERSD_PSC_m
FN:461,_ZNSt16allocator_traitsISaINSt7__cxx119sub_matchIN9__gnu_cxx17__normal_iteratorIPKcNS0_12basic_stringIcSt11char_traitsIcESaIcEEEEEEEEE10deallocateERSD_PSC_m
FN:474,_ZNSt16allocator_traitsISaISt4pairINSt7__cxx1112basic_stringIcSt11char_traitsIcESaIcEEES6_EEE9constructIS7_JS7_EEEvRS8_PT_DpOT0_
FN:474,_ZNSt16allocator_traitsISaINSt7__cxx1112basic_stringIcSt11char_traitsIcESaIcEEEEE9constructIS5_JRKS5_EEEvRS6_PT_DpOT0_
FN:474,_ZNSt16allocator_traitsISaIcEE9constructIcJcEEEvRS0_PT_DpOT0_
FN:474,_ZNSt16allocator_traitsISaImEE9constructImJRKmEEEvRS0_PT_DpOT0_
FN:474,_ZNSt16allocator_traitsISaINSt8__detail6_StateIcEEEE9constructIS2_JS2_EEEvRS3_PT_DpOT0_
FN:474,_ZNSt16allocator_traitsISaINSt8__detail4_NFAINSt7__cxx1112regex_traitsIcEEEEEE9constructIS5_JRKSt6localeRNSt15regex_constants18syntax_option_typeEEEEvRS6_PT_DpOT0_
FN:474,_ZNSt16allocator_traitsISaI10VictimFileEE9constructIS0_JRKS0_EEEvRS1_PT_DpOT0_
FN:474,_ZNSt16allocator_traitsISaISt13_Rb_tree_nodeISt4pairIKllEEEE9constructIS3_JRKSt21piecewise_construct_tSt5tupleIJRS2_EESB_IJEEEEEvRS5_PT_DpOT0_
FN:474,_ZNSt16allocator_traitsISaINSt8__detail9_StateSeqINSt7__cxx1112regex_traitsIcEEEEEE9constructIS5_JRKS5_EEEvRS6_PT_DpOT0_
FN:474,_ZNSt16allocator_traitsISaINSt8__detail9_StateSeqINSt7__cxx1112regex_traitsIcEEEEEE9constructIS5_JS5_EEEvRS6_PT_DpOT0_
FN:474,_ZNSt16allocator_traitsISaISt4pairIlSt6vectorINSt7__cxx119sub_matchIN9__gnu_cxx17__normal_iteratorIPKcNS2_12basic_stringIcSt11char_traitsIcESaIcEEEEEEESaISE_EEEEE9constructISH_JRlRKSG_EEEvRSI_PT_DpOT0_
FN:474,_ZNSt16allocator_traitsISaINSt7__cxx1112regex_traitsIcE10_RegexMaskEEE9constructIS3_JRKS3_EEEvRS4_PT_DpOT0_
FN:474,_ZNSt16allocator_traitsISaIlEE9constructIlJRKlEEEvRS0_PT_DpOT0_
FN:474,_ZNSt16allocator_traitsISaISt4pairIccEEE9constructIS1_JS1_EEEvRS2_PT_DpOT0_
FN:486,_ZNSt16allocator_traitsISaI10VictimFileEE7destroyIS0_EEvRS1_PT_
FN:486,_ZNSt16allocator_traitsISaISt4pairIccEEE7destroyIS1_EEvRS2_PT_
FN:486,_ZNSt16allocator_traitsISaIlEE7destroyIlEEvRS0_PT_
FN:486,_ZNSt16allocator_traitsISaISt4pairIlSt6vectorINSt7__cxx119sub_matchIN9__gnu_cxx17__normal_iteratorIPKcNS2_12basic_stringIcSt11char_traitsIcESaIcEEEEEEESaISE_EEEEE7destroyISH_EEvRSI_PT_
FN:486,_ZNSt16allocator_traitsISaImEE7destroyImEEvRS0_PT_
FN:486,_ZNSt16allocator_traitsISaINSt8__detail9_StateSeqINSt7__cxx1112regex_traitsIcEEEEEE7destroyIS5_EEvRS6_PT_
FN:486,_ZNSt16allocator_traitsISaISt4pairINSt7__cxx1112basic_stringIcSt11char_traitsIcESaIcEEES6_EEE7destroyIS7_EEvRS8_PT_
FN:486,_ZNSt16allocator_traitsISaINSt8__detail6_StateIcEEEE7destroyIS2_EEvRS3_PT_
FN:486,_ZNSt16allocator_traitsISaINSt8__detail4_NFAINSt7__cxx1112regex_traitsIcEEEEEE7destroyIS5_EEvRS6_PT_
FN:486,_ZNSt16allocator_traitsISaIcEE7destroyIcEEvRS0_PT_
FN:486,_ZNSt16allocator_traitsISaINSt7__cxx1112basic_stringIcSt11char_traitsIcESaIcEEEEE7destroyIS5_EEvRS6_PT_
FN:486,_ZNSt16allocator_traitsISaINSt7__cxx1112regex_traitsIcE10_RegexMaskEEE7destroyIS3_EEvRS4_PT_
FN:486,_ZNSt16allocator_traitsISaISt13_Rb_tree_nodeISt4pairIKllEEEE7destroyIS3_EEvRS5_PT_
FN:495,_ZNSt16allocator_traitsISaISt4pairIccEEE8max_sizeERKS2_
FN:495,_ZNSt16allocator_traitsISaINSt7__cxx1112regex_traitsIcE10_RegexMaskEEE8max_sizeERKS4_
FN:495,_ZNSt16allocator_traitsISaISt4pairIlSt6vectorINSt7__cxx119sub_matchIN9__gnu_cxx17__normal_iteratorIPKcNS2_12basic_stringIcSt11char_traitsIcESaIcEEEEEEESaISE_EEEEE8max_sizeERKSI_
FN:495,_ZNSt16allocator_traitsISaINSt7__cxx119sub_matchIN9__gnu_cxx17__normal_iteratorIPKcNS0_12basic_stringIcSt11char_traitsIcESaIcEEEEEEEEE8max_sizeERKSD_
FN:495,_ZNSt16allocator_traitsISaIcEE8max_sizeERKS0_
FN:495,_ZNSt16allocator_traitsISaISt4pairINSt7__cxx1112basic_stringIcSt11char_traitsIcESaIcEEES6_EEE8max_sizeERKS8_
FN:495,_ZNSt16allocator_traitsISaI10VictimFileEE8max_sizeERKS1_
FN:495,_ZNSt16allocator_traitsISaINSt8__detail6_StateIcEEEE8max_sizeERKS3_
FN:495,_ZNSt16allocator_traitsISaImEE8max_sizeERKS0_
FN:495,_ZNSt16allocator_traitsISaINSt7__cxx1112basic_stringIcSt11char_traitsIcESaIcEEEEE8max_sizeERKS6_
FN:504,_ZNSt16allocator_traitsISaINSt7__cxx1112basic_stringIcSt11char_traitsIcESaIcEEEEE37select_on_container_copy_constructionERKS6_
FN:504,_ZNSt16allocator_traitsISaIcEE37select_on_container_copy_constructionERKS0_
FN:504,_ZNSt16allocator_traitsISaISt4pairIccEEE37select_on_container_copy_constructionERKS2_
FN:504,_ZNSt16allocator_traitsISaINSt7__cxx119sub_matchIN9__gnu_cxx17__normal_iteratorIPKcNS0_12basic_stringIcSt11char_traitsIcESaIcEEEEEEEEE37select_on_container_copy_constructionERKSD_
FN:504,_ZNSt16allocator_traitsISaI10VictimFileEE37select_on_container_copy_constructionERKS1_
FN:504,_ZNSt16allocator_traitsISaISt4pairINSt7__cxx1112basic_stringIcSt11char_traitsIcESaIcEEES6_EEE37select_on_container_copy_constructionERKS8_
FN:504,_ZNSt16allocator_traitsISaINSt7__cxx1112regex_traitsIcE10_RegexMaskEEE37select_on_container_copy_constructionERKS4_
FN:516,_ZSt18__do_alloc_on_copyISaINSt7__cxx119sub_matchIN9__gnu_cxx17__normal_iteratorIPKcNS0_12basic_stringIcSt11char_traitsIcESaIcEEEEEEEEEvRT_RKSE_St17integral_constantIbLb0EE
FN:520,_ZSt15__alloc_on_copyISaINSt7__cxx119sub_matchIN9__gnu_cxx17__normal_iteratorIPKcNS0_12basic_stringIcSt11char_traitsIcESaIcEEEEEEEEEvRT_RKSE_
FN:535,_ZSt18__do_alloc_on_moveISaI10VictimFileEEvRT_S3_St17integral_constantIbLb1EE
FN:535,_ZSt18__do_alloc_on_moveISaINSt7__cxx119sub_matchIN9__gnu_cxx17__normal_iteratorIPKcNS0_12basic_stringIcSt11char_traitsIcESaIcEEEEEEEEEvRT_SF_St17integral_constantIbLb1EE
FN:543,_ZSt15__alloc_on_moveISaI10VictimFileEEvRT_S3_
FN:543,_ZSt15__alloc_on_moveISaINSt7__cxx119sub_matchIN9__gnu_cxx17__normal_iteratorIPKcNS0_12basic_stringIcSt11char_traitsIcESaIcEEEEEEEEEvRT_SF_
FNDA:0,_ZNSt16allocator_traitsISaISt4pairINSt7__cxx1112basic_stringIcSt11char_traitsIcESaIcEEES6_EEE8allocateERS8_m
FNDA:0,_ZNSt16allocator_traitsISaISt4pairIccEEE8allocateERS2_m
FNDA:0,_ZNSt16allocator_traitsISaIPlEE8allocateERS1_m
FNDA:0,_ZNSt16allocator_traitsISaISt13_Rb_tree_nodeISt4pairIKllEEEE8allocateERS5_m
FNDA:0,_ZNSt16allocator_traitsISaINSt7__cxx1112regex_traitsIcE10_RegexMaskEEE8allocateERS4_m
FNDA:0,_ZNSt16allocator_traitsISaIlEE8allocateERS0_m
FNDA:0,_ZNSt16allocator_traitsISaISt4pairIlSt6vectorINSt7__cxx119sub_matchIN9__gnu_cxx17__normal_iteratorIPKcNS2_12basic_stringIcSt11char_traitsIcESaIcEEEEEEESaISE_EEEEE8allocateERSI_m
FNDA:0,_ZNSt16allocator_traitsISaINSt8__detail6_StateIcEEEE8allocateERS3_m
FNDA:0,_ZNSt16allocator_traitsISaINSt8__detail9_StateSeqINSt7__cxx1112regex_traitsIcEEEEEE8allocateERS6_m
FNDA:0,_ZNSt16allocator_traitsISaISt23_Sp_counted_ptr_inplaceINSt8__detail4_NFAINSt7__cxx1112regex_traitsIcEEEESaIS6_ELN9__gnu_cxx12_Lock_policyE2EEEE8allocateERSB_m
FNDA:0,_ZNSt16allocator_traitsISaISt4pairIN9__gnu_cxx17__normal_iteratorIPKcNSt7__cxx1112basic_stringIcSt11char_traitsIcESaIcEEEEEiEEE8allocateERSD_m
FNDA:0,_ZNSt16allocator_traitsISaIPNSt8__detail9_StateSeqINSt7__cxx1112regex_traitsIcEEEEEE8allocateERS7_m
FNDA:0,_ZNSt16allocator_traitsISaImEE8allocateERS0_m
FNDA:0,_ZNSt16allocator_traitsISaINSt7__cxx119sub_matchIN9__gnu_cxx17__normal_iteratorIPKcNS0_12basic_stringIcSt11char_traitsIcESaIcEEEEEEEEE8allocateERSD_m
FNDA:0,_ZNSt16allocator_traitsISaI10VictimFileEE8allocateERS1_m
FNDA:0,_ZNSt16allocator_traitsISaINSt7__cxx1112basic_stringIcSt11char_traitsIcESaIcEEEEE8allocateERS6_m
FNDA:0,_ZNSt16allocator_traitsISaIcEE8allocateERS0_m
FNDA:0,_ZNSt16allocator_traitsISaISt13_Rb_tree_nodeISt4pairIKllEEEE10deallocateERS5_PS4_m
FNDA:0,_ZNSt16allocator_traitsISaIlEE10deallocateERS0_Plm
FNDA:0,_ZNSt16allocator_traitsISaISt4pairINSt7__cxx1112basic_stringIcSt11char_traitsIcESaIcEEES6_EEE10deallocateERS8_PS7_m
FNDA:0,_ZNSt16allocator_traitsISaINSt7__cxx1112regex_traitsIcE10_RegexMaskEEE10deallocateERS4_PS3_m
FNDA:0,_ZNSt16allocator_traitsISaISt4pairIccEEE10deallocateERS2_PS1_m
FNDA:0,_ZNSt16allocator_traitsISaIPlEE10deallocateERS1_PS0_m
FNDA:0,_ZNSt16allocator_traitsISaINSt8__detail6_StateIcEEEE10deallocateERS3_PS2_m
FNDA:0,_ZNSt16allocator_traitsISaISt23_Sp_counted_ptr_inplaceINSt8__detail4_NFAINSt7__cxx1112regex_traitsIcEEEESaIS6_ELN9__gnu_cxx12_Lock_policyE2EEEE10deallocateERSB_PSA_m
FNDA:0,_ZNSt16allocator_traitsISaISt4pairIlSt6vectorINSt7__cxx119sub_matchIN9__gnu_cxx17__normal_iteratorIPKcNS2_12basic_stringIcSt11char_traitsIcESaIcEEEEEEESaISE_EEEEE10deallocateERSI_PSH_m
FNDA:0,_ZNSt16allocator_traitsISaISt4pairIN9__gnu_cxx17__normal_iteratorIPKcNSt7__cxx1112basic_stringIcSt11char_traitsIcESaIcEEEEEiEEE10deallocateERSD_PSC_m
FNDA:0,_ZNSt16allocator_traitsISaINSt8__detail9_StateSeqINSt7__cxx1112regex_traitsIcEEEEEE10deallocateERS6_PS5_m
FNDA:0,_ZNSt16allocator_traitsISaIPNSt8__detail9_StateSeqINSt7__cxx1112regex_traitsIcEEEEEE10deallocateERS7_PS6_m
FNDA:0,_ZNSt16allocator_traitsISaINSt7__cxx119sub_matchIN9__gnu_cxx17__normal_iteratorIPKcNS0_12basic_stringIcSt11char_traitsIcESaIcEEEEEEEEE10deallocateERSD_PSC_m
FNDA:0,_ZNSt16allocator_traitsISaINSt7__cxx1112basic_stringIcSt11char_traitsIcESaIcEEEEE10deallocateERS6_PS5_m
FNDA:0,_ZNSt16allocator_traitsISaImEE10deallocateERS0_Pmm
FNDA:0,_ZNSt16allocator_traitsISaI10VictimFileEE10deallocateERS1_PS0_m
FNDA:0,_ZNSt16allocator_traitsISaIcEE10deallocateERS0_Pcm
FNDA:0,_ZNSt16allocator_traitsISaISt4pairINSt7__cxx1112basic_stringIcSt11char_traitsIcESaIcEEES6_EEE9constructIS7_JS7_EEEvRS8_PT_DpOT0_
FNDA:0,_ZNSt16allocator_traitsISaISt4pairIccEEE9constructIS1_JS1_EEEvRS2_PT_DpOT0_
FNDA:0,_ZNSt16allocator_traitsISaISt13_Rb_tree_nodeISt4pairIKllEEEE9constructIS3_JRKSt21piecewise_construct_tSt5tupleIJRS2_EESB_IJEEEEEvRS5_PT_DpOT0_
FNDA:0,_ZNSt16allocator_traitsISaIcEE9constructIcJcEEEvRS0_PT_DpOT0_
FNDA:0,_ZNSt16allocator_traitsISaINSt7__cxx1112regex_traitsIcE10_RegexMaskEEE9constructIS3_JRKS3_EEEvRS4_PT_DpOT0_
FNDA:0,_ZNSt16allocator_traitsISaIlEE9constructIlJRKlEEEvRS0_PT_DpOT0_
FNDA:0,_ZNSt16allocator_traitsISaINSt8__detail4_NFAINSt7__cxx1112regex_traitsIcEEEEEE9constructIS5_JRKSt6localeRNSt15regex_constants18syntax_option_typeEEEEvRS6_PT_DpOT0_
FNDA:0,_ZNSt16allocator_traitsISaISt4pairIlSt6vectorINSt7__cxx119sub_matchIN9__gnu_cxx17__normal_iteratorIPKcNS2_12basic_stringIcSt11char_traitsIcESaIcEEEEEEESaISE_EEEEE9constructISH_JRlRKSG_EEEvRSI_PT_DpOT0_
FNDA:0,_ZNSt16allocator_traitsISaINSt8__detail9_StateSeqINSt7__cxx1112regex_traitsIcEEEEEE9constructIS5_JS5_EEEvRS6_PT_DpOT0_
FNDA:0,_ZNSt16allocator_traitsISaINSt8__detail9_StateSeqINSt7__cxx1112regex_traitsIcEEEEEE9constructIS5_JRKS5_EEEvRS6_PT_DpOT0_
FNDA:0,_ZNSt16allocator_traitsISaINSt8__detail6_StateIcEEEE9constructIS2_JS2_EEEvRS3_PT_DpOT0_
FNDA:0,_ZNSt16allocator_traitsISaImEE9constructImJRKmEEEvRS0_PT_DpOT0_
FNDA:436,_ZNSt16allocator_traitsISaI10VictimFileEE9constructIS0_JRKS0_EEEvRS1_PT_DpOT0_
FNDA:0,_ZNSt16allocator_traitsISaINSt7__cxx1112basic_stringIcSt11char_traitsIcESaIcEEEEE9constructIS5_JRKS5_EEEvRS6_PT_DpOT0_
FNDA:0,_ZNSt16allocator_traitsISaINSt8__detail4_NFAINSt7__cxx1112regex_traitsIcEEEEEE7destroyIS5_EEvRS6_PT_
FNDA:0,_ZNSt16allocator_traitsISaISt4pairINSt7__cxx1112basic_stringIcSt11char_traitsIcESaIcEEES6_EEE7destroyIS7_EEvRS8_PT_
FNDA:0,_ZNSt16allocator_traitsISaISt4pairIccEEE7destroyIS1_EEvRS2_PT_
FNDA:0,_ZNSt16allocator_traitsISaIcEE7destroyIcEEvRS0_PT_
FNDA:0,_ZNSt16allocator_traitsISaISt13_Rb_tree_nodeISt4pairIKllEEEE7destroyIS3_EEvRS5_PT_
FNDA:0,_ZNSt16allocator_traitsISaINSt7__cxx1112regex_traitsIcE10_RegexMaskEEE7destroyIS3_EEvRS4_PT_
FNDA:0,_ZNSt16allocator_traitsISaISt4pairIlSt6vectorINSt7__cxx119sub_matchIN9__gnu_cxx17__normal_iteratorIPKcNS2_12basic_stringIcSt11char_traitsIcESaIcEEEEEEESaISE_EEEEE7destroyISH_EEvRSI_PT_
FNDA:0,_ZNSt16allocator_traitsISaIlEE7destroyIlEEvRS0_PT_
FNDA:0,_ZNSt16allocator_traitsISaINSt8__detail6_StateIcEEEE7destroyIS2_EEvRS3_PT_
FNDA:0,_ZNSt16allocator_traitsISaINSt8__detail9_StateSeqINSt7__cxx1112regex_traitsIcEEEEEE7destroyIS5_EEvRS6_PT_
FNDA:0,_ZNSt16allocator_traitsISaImEE7destroyImEEvRS0_PT_
FNDA:0,_ZNSt16allocator_traitsISaI10VictimFileEE7destroyIS0_EEvRS1_PT_
FNDA:0,_ZNSt16allocator_traitsISaINSt7__cxx1112basic_stringIcSt11char_traitsIcESaIcEEEEE7destroyIS5_EEvRS6_PT_
FNDA:0,_ZNSt16allocator_traitsISaISt4pairINSt7__cxx1112basic_stringIcSt11char_traitsIcESaIcEEES6_EEE8max_sizeERKS8_
FNDA:0,_ZNSt16allocator_traitsISaISt4pairIccEEE8max_sizeERKS2_
FNDA:0,_ZNSt16allocator_traitsISaINSt7__cxx1112regex_traitsIcE10_RegexMaskEEE8max_sizeERKS4_
FNDA:0,_ZNSt16allocator_traitsISaISt4pairIlSt6vectorINSt7__cxx119sub_matchIN9__gnu_cxx17__normal_iteratorIPKcNS2_12basic_stringIcSt11char_traitsIcESaIcEEEEEEESaISE_EEEEE8max_sizeERKSI_
FNDA:0,_ZNSt16allocator_traitsISaINSt8__detail6_StateIcEEEE8max_sizeERKS3_
FNDA:0,_ZNSt16allocator_traitsISaINSt7__cxx119sub_matchIN9__gnu_cxx17__normal_iteratorIPKcNS0_12basic_stringIcSt11char_traitsIcESaIcEEEEEEEEE8max_sizeERKSD_
FNDA:0,_ZNSt16allocator_traitsISaImEE8max_sizeERKS0_
FNDA:180,_ZNSt16allocator_traitsISaI10VictimFileEE8max_sizeERKS1_
FNDA:0,_ZNSt16allocator_traitsISaINSt7__cxx1112basic_stringIcSt11char_traitsIcESaIcEEEEE8max_sizeERKS6_
FNDA:0,_ZNSt16allocator_traitsISaIcEE8max_sizeERKS0_
FNDA:0,_ZNSt16allocator_traitsISaISt4pairINSt7__cxx1112basic_stringIcSt11char_traitsIcESaIcEEES6_EEE37select_on_container_copy_constructionERKS8_
FNDA:0,_ZNSt16allocator_traitsISaINSt7__cxx1112regex_traitsIcE10_RegexMaskEEE37select_on_container_copy_constructionERKS4_
FNDA:0,_ZNSt16allocator_traitsISaISt4pairIccEEE37select_on_container_copy_constructionERKS2_
FNDA:0,_ZNSt16allocator_traitsISaINSt7__cxx1112basic_stringIcSt11char_traitsIcESaIcEEEEE37select_on_container_copy_constructionERKS6_
FNDA:0,_ZNSt16allocator_traitsISaINSt7__cxx119sub_matchIN9__gnu_cxx17__normal_iteratorIPKcNS0_12basic_stringIcSt11char_traitsIcESaIcEEEEEEEEE37select_on_container_copy_constructionERKSD_
FNDA:0,_ZNSt16allocator_traitsISaI10VictimFileEE37select_on_container_copy_constructionERKS1_
FNDA:0,_ZNSt16allocator_traitsISaIcEE37select_on_container_copy_constructionERKS0_
FNDA:0,_ZSt18__do_alloc_on_copyISaINSt7__cxx119sub_matchIN9__gnu_cxx17__normal_iteratorIPKcNS0_12basic_stringIcSt11char_traitsIcESaIcEEEEEEEEEvRT_RKSE_St17integral_constantIbLb0EE
FNDA:0,_ZSt15__alloc_on_copyISaINSt7__cxx119sub_matchIN9__gnu_cxx17__normal_iteratorIPKcNS0_12basic_stringIcSt11char_traitsIcESaIcEEEEEEEEEvRT_RKSE_
FNDA:0,_ZSt18__do_alloc_on_moveISaINSt7__cxx119sub_matchIN9__gnu_cxx17__normal_iteratorIPKcNS0_12basic_stringIcSt11char_traitsIcESaIcEEEEEEEEEvRT_SF_St17integral_constantIbLb1EE
FNDA:0,_ZSt18__do_alloc_on_moveISaI10VictimFileEEvRT_S3_St17integral_constantIbLb1EE
FNDA:0,_ZSt15__alloc_on_moveISaINSt7__cxx119sub_matchIN9__gnu_cxx17__normal_iteratorIPKcNS0_12basic_stringIcSt11char_traitsIcESaIcEEEEEEEEEvRT_SF_
FNDA:0,_ZSt15__alloc_on_moveISaI10VictimFileEEvRT_S3_
FNF:84
FNH:2
DA:435,0
DA:436,0
DA:461,0
DA:462,0
DA:474,436
DA:475,436
DA:486,0
DA:487,0
DA:495,180
DA:496,180
DA:504,0
DA:505,0
DA:516,0
DA:517,0
DA:520,0
DA:524,0
DA:525,0
DA:535,0
DA:536,0
DA:543,0
DA:547,0
DA:548,0
LF:22
LH:4
end_of_record
SF:/usr/include/c++/7/bits/allocated_ptr.h
FN:52,_ZNSt15__allocated_ptrISaISt23_Sp_counted_ptr_inplaceINSt8__detail4_NFAINSt7__cxx1112regex_traitsIcEEEESaIS6_ELN9__gnu_cxx12_Lock_policyE2EEEEC2ERSB_PSA_
FN:70,_ZNSt15__allocated_ptrISaISt23_Sp_counted_ptr_inplaceINSt8__detail4_NFAINSt7__cxx1112regex_traitsIcEEEESaIS6_ELN9__gnu_cxx12_Lock_policyE2EEEED2Ev
FN:78,_ZNSt15__allocated_ptrISaISt23_Sp_counted_ptr_inplaceINSt8__detail4_NFAINSt7__cxx1112regex_traitsIcEEEESaIS6_ELN9__gnu_cxx12_Lock_policyE2EEEEaSEDn
FN:85,_ZNSt15__allocated_ptrISaISt23_Sp_counted_ptr_inplaceINSt8__detail4_NFAINSt7__cxx1112regex_traitsIcEEEESaIS6_ELN9__gnu_cxx12_Lock_policyE2EEEE3getEv
FN:88,_ZNSt15__allocated_ptrISaISt23_Sp_counted_ptr_inplaceINSt8__detail4_NFAINSt7__cxx1112regex_traitsIcEEEESaIS6_ELN9__gnu_cxx12_Lock_policyE2EEEE10_S_raw_ptrEPSA_
FN:102,_ZSt18__allocate_guardedISaISt23_Sp_counted_ptr_inplaceINSt8__detail4_NFAINSt7__cxx1112regex_traitsIcEEEESaIS6_ELN9__gnu_cxx12_Lock_policyE2EEEESt15__allocated_ptrIT_ERSD_
FNDA:0,_ZNSt15__allocated_ptrISaISt23_Sp_counted_ptr_inplaceINSt8__detail4_NFAINSt7__cxx1112regex_traitsIcEEEESaIS6_ELN9__gnu_cxx12_Lock_policyE2EEEEC2ERSB_PSA_
FNDA:0,_ZNSt15__allocated_ptrISaISt23_Sp_counted_ptr_inplaceINSt8__detail4_NFAINSt7__cxx1112regex_traitsIcEEEESaIS6_ELN9__gnu_cxx12_Lock_policyE2EEEED2Ev
FNDA:0,_ZNSt15__allocated_ptrISaISt23_Sp_counted_ptr_inplaceINSt8__detail4_NFAINSt7__cxx1112regex_traitsIcEEEESaIS6_ELN9__gnu_cxx12_Lock_policyE2EEEEaSEDn
FNDA:0,_ZNSt15__allocated_ptrISaISt23_Sp_counted_ptr_inplaceINSt8__detail4_NFAINSt7__cxx1112regex_traitsIcEEEESaIS6_ELN9__gnu_cxx12_Lock_policyE2EEEE3getEv
FNDA:0,_ZNSt15__allocated_ptrISaISt23_Sp_counted_ptr_inplaceINSt8__detail4_NFAINSt7__cxx1112regex_traitsIcEEEESaIS6_ELN9__gnu_cxx12_Lock_policyE2EEEE10_S_raw_ptrEPSA_
FNDA:0,_ZSt18__allocate_guardedISaISt23_Sp_counted_ptr_inplaceINSt8__detail4_NFAINSt7__cxx1112regex_traitsIcEEEESaIS6_ELN9__gnu_cxx12_Lock_policyE2EEEESt15__allocated_ptrIT_ERSD_
FNF:6
FNH:0
DA:52,0
DA:53,0
DA:54,0
DA:70,0
DA:72,0
DA:73,0
DA:74,0
DA:78,0
DA:80,0
DA:81,0
DA:85,0
DA:88,0
DA:102,0
DA:104,0
LF:14
LH:0
end_of_record
SF:/usr/include/c++/7/bits/allocator.h
FN:131,_ZNSaISt4pairINSt7__cxx1112basic_stringIcSt11char_traitsIcESaIcEEES5_EEC2Ev
FN:131,_ZNSaISt4pairIN9__gnu_cxx17__normal_iteratorIPKcNSt7__cxx1112basic_stringIcSt11char_traitsIcESaIcEEEEEiEEC2Ev
FN:131,_ZNSaINSt8__detail9_StateSeqINSt7__cxx1112regex_traitsIcEEEEEC2Ev
FN:131,_ZNSaIlEC2Ev
FN:131,_ZNSaI10VictimFileEC2Ev
FN:131,_ZNSaISt4pairIccEEC2Ev
FN:131,_ZNSaINSt7__cxx119sub_matchIN9__gnu_cxx17__normal_iteratorIPKcNS_12basic_stringIcSt11char_traitsIcESaIcEEEEEEEEC2Ev
FN:131,_ZNSaINSt8__detail6_StateIcEEEC2Ev
FN:131,_ZNSaINSt7__cxx1112basic_stringIcSt11char_traitsIcESaIcEEEEC2Ev
FN:131,_ZNSaINSt8__detail4_NFAINSt7__cxx1112regex_traitsIcEEEEEC2Ev
FN:131,_ZNSaImEC2Ev
FN:131,_ZNSaISt4pairIlSt6vectorINSt7__cxx119sub_matchIN9__gnu_cxx17__normal_iteratorIPKcNS1_12basic_stringIcSt11char_traitsIcESaIcEEEEEEESaISD_EEEEC2Ev
FN:131,_ZNSaISt13_Rb_tree_nodeISt4pairIKllEEEC2Ev
FN:131,_ZNSaINSt7__cxx1112regex_traitsIcE10_RegexMaskEEC2Ev
FN:133,_ZNSaINSt7__cxx1112regex_traitsIcE10_RegexMaskEEC2ERKS3_
FN:133,_ZNSaINSt8__detail4_NFAINSt7__cxx1112regex_traitsIcEEEEEC2ERKS5_
FN:133,_ZNSaINSt7__cxx1112basic_stringIcSt11char_traitsIcESaIcEEEEC2ERKS5_
FN:133,_ZNSaISt4pairIccEEC2ERKS1_
FN:133,_ZNSaINSt7__cxx119sub_matchIN9__gnu_cxx17__normal_iteratorIPKcNS_12basic_stringIcSt11char_traitsIcESaIcEEEEEEEEC2ERKSC_
FN:133,_ZNSaI10VictimFileEC2ERKS0_
FN:133,_ZNSaISt4pairINSt7__cxx1112basic_stringIcSt11char_traitsIcESaIcEEES5_EEC2ERKS7_
FN:133,_ZNSaISt4pairIlSt6vectorINSt7__cxx119sub_matchIN9__gnu_cxx17__normal_iteratorIPKcNS1_12basic_stringIcSt11char_traitsIcESaIcEEEEEEESaISD_EEEEC2ERKSH_
FN:133,_ZNSaISt4pairIN9__gnu_cxx17__normal_iteratorIPKcNSt7__cxx1112basic_stringIcSt11char_traitsIcESaIcEEEEEiEEC2ERKSC_
FN:137,_ZNSaIPlEC2IlEERKSaIT_E
FN:137,_ZNSaIPNSt8__detail9_StateSeqINSt7__cxx1112regex_traitsIcEEEEEC2IS4_EERKSaIT_E
FN:137,_ZNSaISt23_Sp_counted_ptr_inplaceINSt8__detail4_NFAINSt7__cxx1112regex_traitsIcEEEESaIS5_ELN9__gnu_cxx12_Lock_policyE2EEEC2IS5_EERKSaIT_E
FN:139,_ZNSaINSt7__cxx1112regex_traitsIcE10_RegexMaskEED2Ev
FN:139,_ZNSaINSt7__cxx119sub_matchIN9__gnu_cxx17__normal_iteratorIPKcNS_12basic_stringIcSt11char_traitsIcESaIcEEEEEEEED2Ev
FN:139,_ZNSaI10VictimFileED2Ev
FN:139,_ZNSaISt4pairIccEED2Ev
FN:139,_ZNSaISt4pairINSt7__cxx1112basic_stringIcSt11char_traitsIcESaIcEEES5_EED2Ev
FN:139,_ZNSaINSt8__detail9_StateSeqINSt7__cxx1112regex_traitsIcEEEEED2Ev
FN:139,_ZNSaISt4pairIN9__gnu_cxx17__normal_iteratorIPKcNSt7__cxx1112basic_stringIcSt11char_traitsIcESaIcEEEEEiEED2Ev
FN:139,_ZNSaINSt8__detail6_StateIcEEED2Ev
FN:139,_ZNSaImED2Ev
FN:139,_ZNSaINSt7__cxx1112basic_stringIcSt11char_traitsIcESaIcEEEED2Ev
FN:139,_ZNSaIlED2Ev
FN:139,_ZNSaISt4pairIlSt6vectorINSt7__cxx119sub_matchIN9__gnu_cxx17__normal_iteratorIPKcNS1_12basic_stringIcSt11char_traitsIcESaIcEEEEEEESaISD_EEEED2Ev
FN:139,_ZNSaINSt8__detail4_NFAINSt7__cxx1112regex_traitsIcEEEEED2Ev
FN:139,_ZNSaISt13_Rb_tree_nodeISt4pairIKllEEED2Ev
FN:139,_ZNSaIPlED2Ev
FN:139,_ZNSaIPNSt8__detail9_StateSeqINSt7__cxx1112regex_traitsIcEEEEED2Ev
FN:139,_ZNSaISt23_Sp_counted_ptr_inplaceINSt8__detail4_NFAINSt7__cxx1112regex_traitsIcEEEESaIS5_ELN9__gnu_cxx12_Lock_policyE2EEED2Ev
FN:164,_ZStneINSt7__cxx119sub_matchIN9__gnu_cxx17__normal_iteratorIPKcNS0_12basic_stringIcSt11char_traitsIcESaIcEEEEEEEEbRKSaIT_ESG_
FNDA:0,_ZNSaINSt8__detail6_StateIcEEEC2Ev
FNDA:0,_ZNSaISt4pairINSt7__cxx1112basic_stringIcSt11char_traitsIcESaIcEEES5_EEC2Ev
FNDA:0,_ZNSaINSt7__cxx1112regex_traitsIcE10_RegexMaskEEC2Ev
FNDA:0,_ZNSaISt4pairIccEEC2Ev
FNDA:0,_ZNSaIlEC2Ev
FNDA:0,_ZNSaISt4pairIlSt6vectorINSt7__cxx119sub_matchIN9__gnu_cxx17__normal_iteratorIPKcNS1_12basic_stringIcSt11char_traitsIcESaIcEEEEEEESaISD_EEEEC2Ev
FNDA:0,_ZNSaISt13_Rb_tree_nodeISt4pairIKllEEEC2Ev
FNDA:0,_ZNSaINSt8__detail9_StateSeqINSt7__cxx1112regex_traitsIcEEEEEC2Ev
FNDA:0,_ZNSaISt4pairIN9__gnu_cxx17__normal_iteratorIPKcNSt7__cxx1112basic_stringIcSt11char_traitsIcESaIcEEEEEiEEC2Ev
FNDA:0,_ZNSaINSt8__detail4_NFAINSt7__cxx1112regex_traitsIcEEEEEC2Ev
FNDA:0,_ZNSaINSt7__cxx119sub_matchIN9__gnu_cxx17__normal_iteratorIPKcNS_12basic_stringIcSt11char_traitsIcESaIcEEEEEEEEC2Ev
FNDA:0,_ZNSaINSt7__cxx1112basic_stringIcSt11char_traitsIcESaIcEEEEC2Ev
FNDA:0,_ZNSaImEC2Ev
FNDA:0,_ZNSaI10VictimFileEC2Ev
FNDA:0,_ZNSaISt4pairINSt7__cxx1112basic_stringIcSt11char_traitsIcESaIcEEES5_EEC2ERKS7_
FNDA:0,_ZNSaINSt7__cxx1112regex_traitsIcE10_RegexMaskEEC2ERKS3_
FNDA:0,_ZNSaISt4pairIccEEC2ERKS1_
FNDA:0,_ZNSaINSt7__cxx1112basic_stringIcSt11char_traitsIcESaIcEEEEC2ERKS5_
FNDA:0,_ZNSaISt4pairIlSt6vectorINSt7__cxx119sub_matchIN9__gnu_cxx17__normal_iteratorIPKcNS1_12basic_stringIcSt11char_traitsIcESaIcEEEEEEESaISD_EEEEC2ERKSH_
FNDA:0,_ZNSaINSt8__detail4_NFAINSt7__cxx1112regex_traitsIcEEEEEC2ERKS5_
FNDA:0,_ZNSaISt4pairIN9__gnu_cxx17__normal_iteratorIPKcNSt7__cxx1112basic_stringIcSt11char_traitsIcESaIcEEEEEiEEC2ERKSC_
FNDA:0,_ZNSaINSt7__cxx119sub_matchIN9__gnu_cxx17__normal_iteratorIPKcNS_12basic_stringIcSt11char_traitsIcESaIcEEEEEEEEC2ERKSC_
FNDA:0,_ZNSaI10VictimFileEC2ERKS0_
FNDA:0,_ZNSaIPlEC2IlEERKSaIT_E
FNDA:0,_ZNSaISt23_Sp_counted_ptr_inplaceINSt8__detail4_NFAINSt7__cxx1112regex_traitsIcEEEESaIS5_ELN9__gnu_cxx12_Lock_policyE2EEEC2IS5_EERKSaIT_E
FNDA:0,_ZNSaIPNSt8__detail9_StateSeqINSt7__cxx1112regex_traitsIcEEEEEC2IS4_EERKSaIT_E
FNDA:0,_ZNSaINSt8__detail6_StateIcEEED2Ev
FNDA:0,_ZNSaIPlED2Ev
FNDA:0,_ZNSaISt4pairINSt7__cxx1112basic_stringIcSt11char_traitsIcESaIcEEES5_EED2Ev
FNDA:0,_ZNSaINSt7__cxx1112regex_traitsIcE10_RegexMaskEED2Ev
FNDA:0,_ZNSaISt4pairIccEED2Ev
FNDA:0,_ZNSaIlED2Ev
FNDA:0,_ZNSaISt13_Rb_tree_nodeISt4pairIKllEEED2Ev
FNDA:0,_ZNSaISt23_Sp_counted_ptr_inplaceINSt8__detail4_NFAINSt7__cxx1112regex_traitsIcEEEESaIS5_ELN9__gnu_cxx12_Lock_policyE2EEED2Ev
FNDA:0,_ZNSaISt4pairIlSt6vectorINSt7__cxx119sub_matchIN9__gnu_cxx17__normal_iteratorIPKcNS1_12basic_stringIcSt11char_traitsIcESaIcEEEEEEESaISD_EEEED2Ev
FNDA:0,_ZNSaIPNSt8__detail9_StateSeqINSt7__cxx1112regex_traitsIcEEEEED2Ev
FNDA:0,_ZNSaISt4pairIN9__gnu_cxx17__normal_iteratorIPKcNSt7__cxx1112basic_stringIcSt11char_traitsIcESaIcEEEEEiEED2Ev
FNDA:0,_ZNSaINSt8__detail9_StateSeqINSt7__cxx1112regex_traitsIcEEEEED2Ev
FNDA:0,_ZNSaINSt8__detail4_NFAINSt7__cxx1112regex_traitsIcEEEEED2Ev
FNDA:0,_ZNSaINSt7__cxx119sub_matchIN9__gnu_cxx17__normal_iteratorIPKcNS_12basic_stringIcSt11char_traitsIcESaIcEEEEEEEED2Ev
FNDA:0,_ZNSaINSt7__cxx1112basic_stringIcSt11char_traitsIcESaIcEEEED2Ev
FNDA:0,_ZNSaImED2Ev
FNDA:0,_ZNSaI10VictimFileED2Ev
FNDA:0,_ZStneINSt7__cxx119sub_matchIN9__gnu_cxx17__normal_iteratorIPKcNS0_12basic_stringIcSt11char_traitsIcESaIcEEEEEEEEbRKSaIT_ESG_
FNF:44
FNH:0
DA:131,0
DA:133,0
DA:134,0
DA:137,0
DA:139,0
DA:164,0
DA:166,0
LF:7
LH:0
end_of_record
SF:/usr/include/c++/7/bits/basic_string.h
FN:139,_ZNSt7__cxx1112basic_stringIcSt11char_traitsIcESaIcEE12_Alloc_hiderD2Ev
FN:232,_ZNSt7__cxx1112basic_stringIcSt11char_traitsIcESaIcEE16_M_construct_auxIN9__gnu_cxx17__normal_iteratorIPKcS4_EEEEvT_SB_St12__false_type
FN:232,_ZNSt7__cxx1112basic_stringIcSt11char_traitsIcESaIcEE16_M_construct_auxIPcEEvT_S7_St12__false_type
FN:232,_ZNSt7__cxx1112basic_stringIcSt11char_traitsIcESaIcEE16_M_construct_auxIN9__gnu_cxx17__normal_iteratorIPcS4_EEEEvT_SA_St12__false_type
FN:252,_ZNSt7__cxx1112basic_stringIcSt11char_traitsIcESaIcEE12_M_constructIPcEEvT_S7_
FN:252,_ZNSt7__cxx1112basic_stringIcSt11char_traitsIcESaIcEE12_M_constructIN9__gnu_cxx17__normal_iteratorIPcS4_EEEEvT_SA_
FN:252,_ZNSt7__cxx1112basic_stringIcSt11char_traitsIcESaIcEE12_M_constructIN9__gnu_cxx17__normal_iteratorIPKcS4_EEEEvT_SB_
FN:604,_ZNSt7__cxx1112basic_stringIcSt11char_traitsIcESaIcEEC2IPcvEET_S7_RKS3_
FN:604,_ZNSt7__cxx1112basic_stringIcSt11char_traitsIcESaIcEEC2IN9__gnu_cxx17__normal_iteratorIPcS4_EEvEET_SA_RKS3_
FN:604,_ZNSt7__cxx1112basic_stringIcSt11char_traitsIcESaIcEEC2IN9__gnu_cxx17__normal_iteratorIPKcS4_EEvEET_SB_RKS3_
FN:6008,_ZSteqIcEN9__gnu_cxx11__enable_ifIXsrSt9__is_charIT_E7__valueEbE6__typeERKNSt7__cxx1112basic_stringIS3_St11char_traitsIS3_ESaIS3_EEESE_
FN:6034,_ZSteqIcSt11char_traitsIcESaIcEEbRKNSt7__cxx1112basic_stringIT_T0_T1_EEPKS5_
FN:6161,_ZStleIcSt11char_traitsIcESaIcEEbRKNSt7__cxx1112basic_stringIT_T0_T1_EESA_
FNDA:0,_ZNSt7__cxx1112basic_stringIcSt11char_traitsIcESaIcEE12_Alloc_hiderD2Ev
FNDA:0,_ZNSt7__cxx1112basic_stringIcSt11char_traitsIcESaIcEE16_M_construct_auxIN9__gnu_cxx17__normal_iteratorIPcS4_EEEEvT_SA_St12__false_type
FNDA:0,_ZNSt7__cxx1112basic_stringIcSt11char_traitsIcESaIcEE16_M_construct_auxIN9__gnu_cxx17__normal_iteratorIPKcS4_EEEEvT_SB_St12__false_type
FNDA:0,_ZNSt7__cxx1112basic_stringIcSt11char_traitsIcESaIcEE16_M_construct_auxIPcEEvT_S7_St12__false_type
FNDA:0,_ZNSt7__cxx1112basic_stringIcSt11char_traitsIcESaIcEE12_M_constructIN9__gnu_cxx17__normal_iteratorIPcS4_EEEEvT_SA_
FNDA:0,_ZNSt7__cxx1112basic_stringIcSt11char_traitsIcESaIcEE12_M_constructIN9__gnu_cxx17__normal_iteratorIPKcS4_EEEEvT_SB_
FNDA:0,_ZNSt7__cxx1112basic_stringIcSt11char_traitsIcESaIcEE12_M_constructIPcEEvT_S7_
FNDA:0,_ZNSt7__cxx1112basic_stringIcSt11char_traitsIcESaIcEEC2IN9__gnu_cxx17__normal_iteratorIPcS4_EEvEET_SA_RKS3_
FNDA:0,_ZNSt7__cxx1112basic_stringIcSt11char_traitsIcESaIcEEC2IN9__gnu_cxx17__normal_iteratorIPKcS4_EEvEET_SB_RKS3_
FNDA:0,_ZNSt7__cxx1112basic_stringIcSt11char_traitsIcESaIcEEC2IPcvEET_S7_RKS3_
FNDA:0,_ZSteqIcEN9__gnu_cxx11__enable_ifIXsrSt9__is_charIT_E7__valueEbE6__typeERKNSt7__cxx1112basic_stringIS3_St11char_traitsIS3_ESaIS3_EEESE_
FNDA:15,_ZSteqIcSt11char_traitsIcESaIcEEbRKNSt7__cxx1112basic_stringIT_T0_T1_EEPKS5_
FNDA:0,_ZStleIcSt11char_traitsIcESaIcEEbRKNSt7__cxx1112basic_stringIT_T0_T1_EESA_
FNF:13
FNH:1
DA:139,0
DA:232,0
DA:236,0
DA:237,0
DA:252,0
DA:255,0
DA:256,0
DA:604,0
DA:606,0
DA:607,0
DA:6008,0
DA:6010,0
DA:6011,0
DA:6012,0
DA:6034,15
DA:6036,15
DA:6161,0
DA:6164,0
LF:18
LH:2
end_of_record
SF:/usr/include/c++/7/bits/basic_string.tcc
FN:206,_ZNSt7__cxx1112basic_stringIcSt11char_traitsIcESaIcEE12_M_constructIN9__gnu_cxx17__normal_iteratorIPcS4_EEEEvT_SA_St20forward_iterator_tag
FN:206,_ZNSt7__cxx1112basic_stringIcSt11char_traitsIcESaIcEE12_M_constructIPcEEvT_S7_St20forward_iterator_tag
FN:206,_ZNSt7__cxx1112basic_stringIcSt11char_traitsIcESaIcEE12_M_constructIN9__gnu_cxx17__normal_iteratorIPKcS4_EEEEvT_SB_St20forward_iterator_tag
FNDA:0,_ZNSt7__cxx1112basic_stringIcSt11char_traitsIcESaIcEE12_M_constructIN9__gnu_cxx17__normal_iteratorIPcS4_EEEEvT_SA_St20forward_iterator_tag
FNDA:0,_ZNSt7__cxx1112basic_stringIcSt11char_traitsIcESaIcEE12_M_constructIN9__gnu_cxx17__normal_iteratorIPKcS4_EEEEvT_SB_St20forward_iterator_tag
FNDA:0,_ZNSt7__cxx1112basic_stringIcSt11char_traitsIcESaIcEE12_M_constructIPcEEvT_S7_St20forward_iterator_tag
FNF:3
FNH:0
DA:206,0
DA:211,0
DA:212,0
DA:215,0
DA:217,0
DA:219,0
DA:220,0
DA:225,0
DA:226,0
DA:228,0
DA:229,0
DA:232,0
DA:233,0
LF:13
LH:0
end_of_record
SF:/usr/include/c++/7/bits/char_traits.h
FN:300,_ZNSt11char_traitsIcE7compareEPKcS2_m
FN:314,_ZNSt11char_traitsIcE6lengthEPKc
FNDA:0,_ZNSt11char_traitsIcE7compareEPKcS2_m
FNDA:0,_ZNSt11char_traitsIcE6lengthEPKc
FNF:2
FNH:0
DA:300,0
DA:308,0
DA:309,0
DA:310,0
DA:314,0
DA:320,0
LF:6
LH:0
end_of_record
SF:/usr/include/c++/7/bits/cpp_type_traits.h
FN:408,_ZSt12__miter_baseIPNSt7__cxx119sub_matchIN9__gnu_cxx17__normal_iteratorIPKcNS0_12basic_stringIcSt11char_traitsIcESaIcEEEEEEEET_SE_
FN:408,_ZSt12__miter_baseIPKcET_S2_
FN:408,_ZSt12__miter_baseIN9__gnu_cxx17__normal_iteratorIPcSt6vectorIcSaIcEEEEET_S7_
FN:408,_ZSt12__miter_baseIN9__gnu_cxx17__normal_iteratorIPKNSt7__cxx119sub_matchINS1_IPKcNS2_12basic_stringIcSt11char_traitsIcESaIcEEEEEEESt6vectorISC_SaISC_EEEEET_SJ_
FN:408,_ZSt12__miter_baseIPcET_S1_
FN:408,_ZSt12__miter_baseIPPNSt8__detail9_StateSeqINSt7__cxx1112regex_traitsIcEEEEET_S8_
FN:408,_ZSt12__miter_baseIPPlET_S2_
FN:408,_ZSt12__miter_baseIN9__gnu_cxx17__normal_iteratorIPKcNSt7__cxx1112basic_stringIcSt11char_traitsIcESaIcEEEEEET_SB_
FN:408,_ZSt12__miter_baseIN9__gnu_cxx17__normal_iteratorIPKcSt6vectorIcSaIcEEEEET_S8_
FN:408,_ZSt12__miter_baseIPmET_S1_
FNDA:0,_ZSt12__miter_baseIPcET_S1_
FNDA:0,_ZSt12__miter_baseIN9__gnu_cxx17__normal_iteratorIPKcSt6vectorIcSaIcEEEEET_S8_
FNDA:0,_ZSt12__miter_baseIPPlET_S2_
FNDA:0,_ZSt12__miter_baseIN9__gnu_cxx17__normal_iteratorIPcSt6vectorIcSaIcEEEEET_S7_
FNDA:0,_ZSt12__miter_baseIPmET_S1_
FNDA:0,_ZSt12__miter_baseIPPNSt8__detail9_StateSeqINSt7__cxx1112regex_traitsIcEEEEET_S8_
FNDA:0,_ZSt12__miter_baseIPNSt7__cxx119sub_matchIN9__gnu_cxx17__normal_iteratorIPKcNS0_12basic_stringIcSt11char_traitsIcESaIcEEEEEEEET_SE_
FNDA:0,_ZSt12__miter_baseIN9__gnu_cxx17__normal_iteratorIPKNSt7__cxx119sub_matchINS1_IPKcNS2_12basic_stringIcSt11char_traitsIcESaIcEEEEEEESt6vectorISC_SaISC_EEEEET_SJ_
FNDA:0,_ZSt12__miter_baseIPKcET_S2_
FNDA:0,_ZSt12__miter_baseIN9__gnu_cxx17__normal_iteratorIPKcNSt7__cxx1112basic_stringIcSt11char_traitsIcESaIcEEEEEET_SB_
FNF:10
FNH:0
DA:408,0
DA:409,0
LF:2
LH:0
end_of_record
SF:/usr/include/c++/7/bits/deque.tcc
FN:161,_ZNSt5dequeINSt8__detail9_StateSeqINSt7__cxx1112regex_traitsIcEEEESaIS5_EE12emplace_backIJS5_EEEvDpOT_
FN:478,_ZNSt5dequeINSt8__detail9_StateSeqINSt7__cxx1112regex_traitsIcEEEESaIS5_EE16_M_push_back_auxIJRKS5_EEEvDpOT_
FN:478,_ZNSt5dequeIlSaIlEE16_M_push_back_auxIJRKlEEEvDpOT_
FN:478,_ZNSt5dequeINSt8__detail9_StateSeqINSt7__cxx1112regex_traitsIcEEEESaIS5_EE16_M_push_back_auxIJS5_EEEvDpOT_
FN:546,_ZNSt5dequeINSt8__detail9_StateSeqINSt7__cxx1112regex_traitsIcEEEESaIS5_EE15_M_pop_back_auxEv
FN:546,_ZNSt5dequeIlSaIlEE15_M_pop_back_auxEv
FN:917,_ZNSt5dequeINSt8__detail9_StateSeqINSt7__cxx1112regex_traitsIcEEEESaIS5_EE17_M_reallocate_mapEmb
FN:917,_ZNSt5dequeIlSaIlEE17_M_reallocate_mapEmb
FNDA:0,_ZNSt5dequeINSt8__detail9_StateSeqINSt7__cxx1112regex_traitsIcEEEESaIS5_EE12emplace_backIJS5_EEEvDpOT_
FNDA:0,_ZNSt5dequeIlSaIlEE16_M_push_back_auxIJRKlEEEvDpOT_
FNDA:0,_ZNSt5dequeINSt8__detail9_StateSeqINSt7__cxx1112regex_traitsIcEEEESaIS5_EE16_M_push_back_auxIJS5_EEEvDpOT_
FNDA:0,_ZNSt5dequeINSt8__detail9_StateSeqINSt7__cxx1112regex_traitsIcEEEESaIS5_EE16_M_push_back_auxIJRKS5_EEEvDpOT_
FNDA:0,_ZNSt5dequeIlSaIlEE15_M_pop_back_auxEv
FNDA:0,_ZNSt5dequeINSt8__detail9_StateSeqINSt7__cxx1112regex_traitsIcEEEESaIS5_EE15_M_pop_back_auxEv
FNDA:0,_ZNSt5dequeIlSaIlEE17_M_reallocate_mapEmb
FNDA:0,_ZNSt5dequeINSt8__detail9_StateSeqINSt7__cxx1112regex_traitsIcEEEESaIS5_EE17_M_reallocate_mapEmb
FNF:8
FNH:0
DA:161,0
DA:164,0
DA:165,0
DA:167,0
DA:170,0
DA:173,0
DA:177,0
DA:478,0
DA:486,0
DA:487,0
DA:491,0
DA:497,0
DA:499,0
DA:501,0
DA:503,0
DA:504,0
DA:506,0
DA:546,0
DA:549,0
DA:550,0
DA:551,0
DA:552,0
DA:554,0
DA:917,0
DA:920,0
DA:921,0
DA:922,0
DA:925,0
DA:927,0
DA:928,0
DA:929,0
DA:930,0
DA:931,0
DA:932,0
DA:935,0
DA:936,0
DA:937,0
DA:941,0
DA:942,0
DA:945,0
DA:946,0
DA:947,0
DA:948,0
DA:949,0
DA:951,0
DA:953,0
DA:954,0
DA:957,0
DA:958,0
DA:959,0
LF:50
LH:0
end_of_record
SF:/usr/include/c++/7/bits/ios_base.h
FN:83,_ZStanSt13_Ios_FmtflagsS_
FN:87,_ZStorSt13_Ios_FmtflagsS_
FN:95,_ZStcoSt13_Ios_Fmtflags
FN:99,_ZStoRRSt13_Ios_FmtflagsS_
FN:103,_ZStaNRSt13_Ios_FmtflagsS_
FN:129,_ZStorSt13_Ios_OpenmodeS_
FN:663,_ZNSt8ios_base4setfESt13_Ios_FmtflagsS0_
FN:1024,_ZSt3hexRSt8ios_base
FN:1032,_ZSt3octRSt8ios_base
FNDA:0,_ZStanSt13_Ios_FmtflagsS_
FNDA:0,_ZStorSt13_Ios_FmtflagsS_
FNDA:0,_ZStcoSt13_Ios_Fmtflags
FNDA:0,_ZStoRRSt13_Ios_FmtflagsS_
FNDA:0,_ZStaNRSt13_Ios_FmtflagsS_
FNDA:22,_ZStorSt13_Ios_OpenmodeS_
FNDA:0,_ZNSt8ios_base4setfESt13_Ios_FmtflagsS0_
FNDA:0,_ZSt3hexRSt8ios_base
FNDA:0,_ZSt3octRSt8ios_base
FNF:9
FNH:1
DA:83,0
DA:84,0
DA:87,0
DA:88,0
DA:95,0
DA:96,0
DA:99,0
DA:100,0
DA:103,0
DA:104,0
DA:129,22
DA:130,22
DA:663,0
DA:665,0
DA:666,0
DA:667,0
DA:668,0
DA:1024,0
DA:1026,0
DA:1027,0
DA:1032,0
DA:1034,0
DA:1035,0
LF:23
LH:2
end_of_record
SF:/usr/include/c++/7/bits/locale_classes.tcc
FN:132,_ZSt9use_facetIKSt5ctypeIcEERKT_RKSt6locale
FNDA:0,_ZSt9use_facetIKSt5ctypeIcEERKT_RKSt6locale
FNF:1
FNH:0
DA:132,0
DA:134,0
DA:135,0
DA:136,0
DA:137,0
DA:139,0
LF:6
LH:0
end_of_record
SF:/usr/include/c++/7/bits/locale_facets.h
FN:802,_ZNKSt5ctypeIcE7toupperEc
FN:835,_ZNKSt5ctypeIcE7tolowerEc
FN:852,_ZNKSt5ctypeIcE7tolowerEPcPKc
FN:872,_ZNKSt5ctypeIcE5widenEc
FN:930,_ZNKSt5ctypeIcE6narrowEcc
FNDA:0,_ZNKSt5ctypeIcE7toupperEc
FNDA:0,_ZNKSt5ctypeIcE7tolowerEc
FNDA:0,_ZNKSt5ctypeIcE7tolowerEPcPKc
FNDA:0,_ZNKSt5ctypeIcE5widenEc
FNDA:0,_ZNKSt5ctypeIcE6narrowEcc
FNF:5
FNH:0
DA:802,0
DA:803,0
DA:835,0
DA:836,0
DA:852,0
DA:853,0
DA:872,0
DA:874,0
DA:875,0
DA:876,0
DA:877,0
DA:930,0
DA:932,0
DA:933,0
DA:934,0
DA:935,0
DA:936,0
DA:937,0
LF:18
LH:0
end_of_record
SF:/usr/include/c++/7/bits/move.h
FN:47,_ZSt11__addressofIKNSt8__detail11_AnyMatcherINSt7__cxx1112regex_traitsIcEELb1ELb1ELb0EEEEPT_RS7_
FN:47,_ZSt11__addressofISt4pairIlSt6vectorINSt7__cxx119sub_matchIN9__gnu_cxx17__normal_iteratorIPKcNS2_12basic_stringIcSt11char_traitsIcESaIcEEEEEEESaISE_EEEEPT_RSI_
FN:47,_ZSt11__addressofISt4pairIN9__gnu_cxx17__normal_iteratorIPKcNSt7__cxx1112basic_stringIcSt11char_traitsIcESaIcEEEEEiEEPT_RSD_
FN:47,_ZSt11__addressofISaISt23_Sp_counted_ptr_inplaceINSt8__detail4_NFAINSt7__cxx1112regex_traitsIcEEEESaIS6_ELN9__gnu_cxx12_Lock_policyE2EEEEPT_RSC_
FN:47,_ZSt11__addressofISt4pairIccEEPT_RS2_
FN:47,_ZSt11__addressofIKNSt8__detail12_CharMatcherINSt7__cxx1112regex_traitsIcEELb0ELb1EEEEPT_RS7_
FN:47,_ZSt11__addressofIKNSt8__detail11_AnyMatcherINSt7__cxx1112regex_traitsIcEELb0ELb0ELb1EEEEPT_RS7_
FN:47,_ZSt11__addressofIKNSt8__detail12_CharMatcherINSt7__cxx1112regex_traitsIcEELb0ELb0EEEEPT_RS7_
FN:47,_ZSt11__addressofIKNSt8__detail11_AnyMatcherINSt7__cxx1112regex_traitsIcEELb0ELb1ELb1EEEEPT_RS7_
FN:47,_ZSt11__addressofINSt8__detail6_StateIcEEEPT_RS3_
FN:47,_ZSt11__addressofIKcEPT_RS1_
FN:47,_ZSt11__addressofINSt7__cxx1112regex_traitsIcE10_RegexMaskEEPT_RS4_
FN:47,_ZSt11__addressofISt4pairINSt7__cxx1112basic_stringIcSt11char_traitsIcESaIcEEES6_EEPT_RS8_
FN:47,_ZSt11__addressofIKNSt8__detail11_AnyMatcherINSt7__cxx1112regex_traitsIcEELb1ELb0ELb0EEEEPT_RS7_
FN:47,_ZSt11__addressofIKNSt8__detail12_CharMatcherINSt7__cxx1112regex_traitsIcEELb1ELb1EEEEPT_RS7_
FN:47,_ZSt11__addressofIKNSt8__detail12_CharMatcherINSt7__cxx1112regex_traitsIcEELb1ELb0EEEEPT_RS7_
FN:47,_ZSt11__addressofINSt7__cxx1112basic_stringIcSt11char_traitsIcESaIcEEEEPT_RS6_
FN:47,_ZSt11__addressofINSt7__cxx119sub_matchIN9__gnu_cxx17__normal_iteratorIPKcNS0_12basic_stringIcSt11char_traitsIcESaIcEEEEEEEEPT_RSD_
FN:47,_ZSt11__addressofI10VictimFileEPT_RS1_
FN:47,_ZSt11__addressofIKNSt8__detail11_AnyMatcherINSt7__cxx1112regex_traitsIcEELb1ELb1ELb1EEEEPT_RS7_
FN:47,_ZSt11__addressofIKNSt8__detail11_AnyMatcherINSt7__cxx1112regex_traitsIcEELb0ELb0ELb0EEEEPT_RS7_
FN:47,_ZSt11__addressofIKNSt8__detail11_AnyMatcherINSt7__cxx1112regex_traitsIcEELb0ELb1ELb0EEEEPT_RS7_
FN:47,_ZSt11__addressofIKNSt8__detail11_AnyMatcherINSt7__cxx1112regex_traitsIcEELb1ELb0ELb1EEEEPT_RS7_
FN:73,_ZSt7forwardIRlEOT_RNSt16remove_referenceIS1_E4typeE
FN:73,_ZSt7forwardIRKNSt8__detail6_StateIcEEEOT_RNSt16remove_referenceIS5_E4typeE
FN:73,_ZSt7forwardISt4pairIlSt6vectorINSt7__cxx119sub_matchIN9__gnu_cxx17__normal_iteratorIPKcNS2_12basic_stringIcSt11char_traitsIcESaIcEEEEEEESaISE_EEEEOT_RNSt16remove_referenceISI_E4typeE
FN:73,_ZSt7forwardISt4pairIccEEOT_RNSt16remove_referenceIS2_E4typeE
FN:73,_ZSt7forwardIRKNSt7__cxx1112regex_traitsIcE10_RegexMaskEEOT_RNSt16remove_referenceIS6_E4typeE
FN:73,_ZSt7forwardIRPSt18_Rb_tree_node_baseEOT_RNSt16remove_referenceIS3_E4typeE
FN:73,_ZSt7forwardINSt7__cxx119sub_matchIN9__gnu_cxx17__normal_iteratorIPKcNS0_12basic_stringIcSt11char_traitsIcESaIcEEEEEEEEOT_RNSt16remove_referenceISD_E4typeE
FN:73,_ZSt7forwardIRKSt21piecewise_construct_tEOT_RNSt16remove_referenceIS3_E4typeE
FN:73,_ZSt7forwardIRKNSt8__detail9_StateSeqINSt7__cxx1112regex_traitsIcEEEEEOT_RNSt16remove_referenceIS8_E4typeE
FN:73,_ZSt7forwardINSt7__cxx1112regex_traitsIcE10_RegexMaskEEOT_RNSt16remove_referenceIS4_E4typeE
FN:73,_ZSt7forwardIRK10VictimFileEOT_RNSt16remove_referenceIS3_E4typeE
FN:73,_ZSt7forwardIRNSt15regex_constants18syntax_option_typeEEOT_RNSt16remove_referenceIS3_E4typeE
FN:73,_ZSt7forwardIRKlEOT_RNSt16remove_referenceIS2_E4typeE
FN:73,_ZSt7forwardIRKSt4pairIccEEOT_RNSt16remove_referenceIS4_E4typeE
FN:73,_ZSt7forwardISt5tupleIJEEEOT_RNSt16remove_referenceIS2_E4typeE
FN:73,_ZSt7forwardINSt7__cxx1112basic_stringIcSt11char_traitsIcESaIcEEEEOT_RNSt16remove_referenceIS6_E4typeE
FN:73,_ZSt7forwardIRKNSt7__cxx119sub_matchIN9__gnu_cxx17__normal_iteratorIPKcNS0_12basic_stringIcSt11char_traitsIcESaIcEEEEEEEEOT_RNSt16remove_referenceISF_E4typeE
FN:73,_ZSt7forwardISt4pairINSt7__cxx1112basic_stringIcSt11char_traitsIcESaIcEEES6_EEOT_RNSt16remove_referenceIS8_E4typeE
FN:73,_ZSt7forwardISt5tupleIJRKlEEEOT_RNSt16remove_referenceIS4_E4typeE
FN:73,_ZSt7forwardIRPSt13_Rb_tree_nodeISt4pairIKllEEEOT_RNSt16remove_referenceIS7_E4typeE
FN:73,_ZSt7forwardIRKSt4pairINSt7__cxx1112basic_stringIcSt11char_traitsIcESaIcEEES6_EEOT_RNSt16remove_referenceISA_E4typeE
FN:73,_ZSt7forwardIRKmEOT_RNSt16remove_referenceIS2_E4typeE
FN:73,_ZSt7forwardINSt8__detail6_StateIcEEEOT_RNSt16remove_referenceIS3_E4typeE
FN:73,_ZSt7forwardIRKSt6localeEOT_RNSt16remove_referenceIS3_E4typeE
FN:73,_ZSt7forwardIcEOT_RNSt16remove_referenceIS0_E4typeE
FN:73,_ZSt7forwardIRKNSt7__cxx1112basic_stringIcSt11char_traitsIcESaIcEEEEOT_RNSt16remove_referenceIS8_E4typeE
FN:73,_ZSt7forwardIRNSt7__cxx119sub_matchIN9__gnu_cxx17__normal_iteratorIPKcNS0_12basic_stringIcSt11char_traitsIcESaIcEEEEEEEEOT_RNSt16remove_referenceISE_E4typeE
FN:73,_ZSt7forwardINSt8__detail9_StateSeqINSt7__cxx1112regex_traitsIcEEEEEOT_RNSt16remove_referenceIS6_E4typeE
FN:73,_ZSt7forwardIRKSt6vectorINSt7__cxx119sub_matchIN9__gnu_cxx17__normal_iteratorIPKcNS1_12basic_stringIcSt11char_traitsIcESaIcEEEEEEESaISD_EEEOT_RNSt16remove_referenceISI_E4typeE
FN:98,_ZSt4moveIRNSt8__detail9_StateSeqINSt7__cxx1112regex_traitsIcEEEEEONSt16remove_referenceIT_E4typeEOS8_
FN:98,_ZSt4moveIRSaISt4pairINSt7__cxx1112basic_stringIcSt11char_traitsIcESaIcEEES6_EEEONSt16remove_referenceIT_E4typeEOSB_
FN:98,_ZSt4moveIRPcEONSt16remove_referenceIT_E4typeEOS3_
FN:98,_ZSt4moveIRN9__gnu_cxx5__ops15_Iter_less_iterEEONSt16remove_referenceIT_E4typeEOS5_
FN:98,_ZSt4moveIRPKcEONSt16remove_referenceIT_E4typeEOS4_
FN:98,_ZSt4moveIRSt6vectorISt4pairINSt7__cxx1112basic_stringIcSt11char_traitsIcESaIcEEES7_ESaIS8_EEEONSt16remove_referenceIT_E4typeEOSD_
FN:98,_ZSt4moveIRNSt8__detail12_CharMatcherINSt7__cxx1112regex_traitsIcEELb1ELb0EEEEONSt16remove_referenceIT_E4typeEOS8_
FN:98,_ZSt4moveIRPFiiEEONSt16remove_referenceIT_E4typeEOS4_
FN:98,_ZSt4moveIRNSt8__detail12_CharMatcherINSt7__cxx1112regex_traitsIcEELb0ELb0EEEEONSt16remove_referenceIT_E4typeEOS8_
FN:98,_ZSt4moveIRSt6vectorISt4pairIccESaIS2_EEEONSt16remove_referenceIT_E4typeEOS7_
FN:98,_ZSt4moveIRSaINSt7__cxx1112regex_traitsIcE10_RegexMaskEEEONSt16remove_referenceIT_E4typeEOS7_
FN:98,_ZSt4moveIRKSaINSt8__detail4_NFAINSt7__cxx1112regex_traitsIcEEEEEEONSt16remove_referenceIT_E4typeEOSA_
FN:98,_ZSt4moveIRPFbRSt9_Any_dataRKS0_St18_Manager_operationEEONSt16remove_referenceIT_E4typeEOS9_
FN:98,_ZSt4moveIRSt6localeEONSt16remove_referenceIT_E4typeEOS3_
FN:98,_ZSt4moveIRSt6vectorISt4pairIlS0_INSt7__cxx119sub_matchIN9__gnu_cxx17__normal_iteratorIPKcNS2_12basic_stringIcSt11char_traitsIcESaIcEEEEEEESaISE_EEESaISH_EEEONSt16remove_referenceIT_E4typeEOSM_
FN:98,_ZSt4moveIRSt4pairIccEEONSt16remove_referenceIT_E4typeEOS4_
FN:98,_ZSt4moveIRNSt8__detail15_BracketMatcherINSt7__cxx1112regex_traitsIcEELb1ELb0EEEEONSt16remove_referenceIT_E4typeEOS8_
FN:98,_ZSt4moveIRlEONSt16remove_referenceIT_E4typeEOS2_
FN:98,_ZSt4moveIRPSt4pairIlSt6vectorINSt7__cxx119sub_matchIN9__gnu_cxx17__normal_iteratorIPKcNS2_12basic_stringIcSt11char_traitsIcESaIcEEEEEEESaISE_EEEEONSt16remove_referenceIT_E4typeEOSL_
FN:98,_ZSt4moveIRNSt8__detail11_AnyMatcherINSt7__cxx1112regex_traitsIcEELb0ELb1ELb0EEEEONSt16remove_referenceIT_E4typeEOS8_
FN:98,_ZSt4moveIRSaINSt7__cxx119sub_matchIN9__gnu_cxx17__normal_iteratorIPKcNS0_12basic_stringIcSt11char_traitsIcESaIcEEEEEEEEEONSt16remove_referenceIT_E4typeEOSG_
FN:98,_ZSt4moveIRNSt8__detail15_BracketMatcherINSt7__cxx1112regex_traitsIcEELb1ELb1EEEEONSt16remove_referenceIT_E4typeEOS8_
FN:98,_ZSt4moveIRSaISt4pairIlSt6vectorINSt7__cxx119sub_matchIN9__gnu_cxx17__normal_iteratorIPKcNS2_12basic_stringIcSt11char_traitsIcESaIcEEEEEEESaISE_EEEEEONSt16remove_referenceIT_E4typeEOSL_
FN:98,_ZSt4moveIRSt9_Any_dataEONSt16remove_referenceIT_E4typeEOS3_
FN:98,_ZSt4moveIRNSt8__detail11_AnyMatcherINSt7__cxx1112regex_traitsIcEELb0ELb1ELb1EEEEONSt16remove_referenceIT_E4typeEOS8_
FN:98,_ZSt4moveIRNSt8__detail12_CharMatcherINSt7__cxx1112regex_traitsIcEELb0ELb1EEEEONSt16remove_referenceIT_E4typeEOS8_
FN:98,_ZSt4moveIRPSt4pairINSt7__cxx1112basic_stringIcSt11char_traitsIcESaIcEEES6_EEONSt16remove_referenceIT_E4typeEOSB_
FN:98,_ZSt4moveIRNSt8__detail15_BracketMatcherINSt7__cxx1112regex_traitsIcEELb0ELb0EEEEONSt16remove_referenceIT_E4typeEOS8_
FN:98,_ZSt4moveIRNSt8__detail11_AnyMatcherINSt7__cxx1112regex_traitsIcEELb1ELb1ELb0EEEEONSt16remove_referenceIT_E4typeEOS8_
FN:98,_ZSt4moveIRSaI10VictimFileEEONSt16remove_referenceIT_E4typeEOS4_
FN:98,_ZSt4moveIRP10VictimFileEONSt16remove_referenceIT_E4typeEOS4_
FN:98,_ZSt4moveIRNSt8__detail11_AnyMatcherINSt7__cxx1112regex_traitsIcEELb1ELb1ELb1EEEEONSt16remove_referenceIT_E4typeEOS8_
FN:98,_ZSt4moveIRNSt8__detail6_StateIcEEEONSt16remove_referenceIT_E4typeEOS5_
FN:98,_ZSt4moveIRNSt8__detail11_AnyMatcherINSt7__cxx1112regex_traitsIcEELb0ELb0ELb0EEEEONSt16remove_referenceIT_E4typeEOS8_
FN:98,_ZSt4moveIRNSt8__detail12_CharMatcherINSt7__cxx1112regex_traitsIcEELb1ELb1EEEEONSt16remove_referenceIT_E4typeEOS8_
FN:98,_ZSt4moveIRPNSt7__cxx1112basic_stringIcSt11char_traitsIcESaIcEEEEONSt16remove_referenceIT_E4typeEOS9_
FN:98,_ZSt4moveIRNSt8__detail15_BracketMatcherINSt7__cxx1112regex_traitsIcEELb0ELb1EEEEONSt16remove_referenceIT_E4typeEOS8_
FN:98,_ZSt4moveIRSt6vectorIcSaIcEEEONSt16remove_referenceIT_E4typeEOS5_
FN:98,_ZSt4moveIRSt6vectorI10VictimFileSaIS1_EEEONSt16remove_referenceIT_E4typeEOS6_
FN:98,_ZSt4moveIRPFbRKSt9_Any_dataOcEEONSt16remove_referenceIT_E4typeEOS8_
FN:98,_ZSt4moveIRPNSt7__cxx119sub_matchIN9__gnu_cxx17__normal_iteratorIPKcNS0_12basic_stringIcSt11char_traitsIcESaIcEEEEEEEEONSt16remove_referenceIT_E4typeEOSG_
FN:98,_ZSt4moveIRSaINSt7__cxx1112basic_stringIcSt11char_traitsIcESaIcEEEEEONSt16remove_referenceIT_E4typeEOS9_
FN:98,_ZSt4moveIRSt10shared_ptrINSt8__detail4_NFAINSt7__cxx1112regex_traitsIcEEEEEEONSt16remove_referenceIT_E4typeEOSA_
FN:98,_ZSt4moveIRSt4pairINSt7__cxx1112basic_stringIcSt11char_traitsIcESaIcEEES6_EEONSt16remove_referenceIT_E4typeEOSA_
FN:98,_ZSt4moveIRPNSt7__cxx1112regex_traitsIcE10_RegexMaskEEONSt16remove_referenceIT_E4typeEOS7_
FN:98,_ZSt4moveIRcEONSt16remove_referenceIT_E4typeEOS2_
FN:98,_ZSt4moveIRNSt8__detail11_AnyMatcherINSt7__cxx1112regex_traitsIcEELb0ELb0ELb1EEEEONSt16remove_referenceIT_E4typeEOS8_
FN:98,_ZSt4moveIRSaISt4pairIccEEEONSt16remove_referenceIT_E4typeEOS5_
FN:98,_ZSt4moveIRNSt8__detail11_AnyMatcherINSt7__cxx1112regex_traitsIcEELb1ELb0ELb0EEEEONSt16remove_referenceIT_E4typeEOS8_
FN:98,_ZSt4moveIRSt6vectorINSt7__cxx1112basic_stringIcSt11char_traitsIcESaIcEEESaIS6_EEEONSt16remove_referenceIT_E4typeEOSB_
FN:98,_ZSt4moveIRSt8functionIFbcEEEONSt16remove_referenceIT_E4typeEOS5_
FN:98,_ZSt4moveIRSt6vectorINSt7__cxx119sub_matchIN9__gnu_cxx17__normal_iteratorIPKcNS1_12basic_stringIcSt11char_traitsIcESaIcEEEEEEESaISD_EEEONSt16remove_referenceIT_E4typeEOSI_
FN:98,_ZSt4moveIRSt6vectorINSt7__cxx1112regex_traitsIcE10_RegexMaskESaIS4_EEEONSt16remove_referenceIT_E4typeEOS9_
FN:98,_ZSt4moveIRNSt8__detail11_AnyMatcherINSt7__cxx1112regex_traitsIcEELb1ELb0ELb1EEEEONSt16remove_referenceIT_E4typeEOS8_
FN:98,_ZSt4moveIRPSt4pairIccEEONSt16remove_referenceIT_E4typeEOS5_
FN:98,_ZSt4moveIRSaIcEEONSt16remove_referenceIT_E4typeEOS3_
FN:187,_ZSt4swapIPNSt7__cxx119sub_matchIN9__gnu_cxx17__normal_iteratorIPKcNS0_12basic_stringIcSt11char_traitsIcESaIcEEEEEEEENSt9enable_ifIXsrSt6__and_IJSt6__not_ISt15__is_tuple_likeIT_EESt21is_move_constructibleISI_ESt18is_move_assignableISI_EEE5valueEvE4typeERSI_SS_
FN:187,_ZSt4swapIPSt4pairIccEENSt9enable_ifIXsrSt6__and_IJSt6__not_ISt15__is_tuple_likeIT_EESt21is_move_constructibleIS7_ESt18is_move_assignableIS7_EEE5valueEvE4typeERS7_SH_
FN:187,_ZSt4swapIPNSt7__cxx1112regex_traitsIcE10_RegexMaskEENSt9enable_ifIXsrSt6__and_IJSt6__not_ISt15__is_tuple_likeIT_EESt21is_move_constructibleIS9_ESt18is_move_assignableIS9_EEE5valueEvE4typeERS9_SJ_
FN:187,_ZSt4swapIPFbRKSt9_Any_dataOcEENSt9enable_ifIXsrSt6__and_IJSt6__not_ISt15__is_tuple_likeIT_EESt21is_move_constructibleISA_ESt18is_move_assignableISA_EEE5valueEvE4typeERSA_SK_
FN:187,_ZSt4swapIlENSt9enable_ifIXsrSt6__and_IJSt6__not_ISt15__is_tuple_likeIT_EESt21is_move_constructibleIS4_ESt18is_move_assignableIS4_EEE5valueEvE4typeERS4_SE_
FN:187,_ZSt4swapISt9_Any_dataENSt9enable_ifIXsrSt6__and_IJSt6__not_ISt15__is_tuple_likeIT_EESt21is_move_constructibleIS5_ESt18is_move_assignableIS5_EEE5valueEvE4typeERS5_SF_
FN:187,_ZSt4swapIPNSt7__cxx1112basic_stringIcSt11char_traitsIcESaIcEEEENSt9enable_ifIXsrSt6__and_IJSt6__not_ISt15__is_tuple_likeIT_EESt21is_move_constructibleISB_ESt18is_move_assignableISB_EEE5valueEvE4typeERSB_SL_
FN:187,_ZSt4swapIPcENSt9enable_ifIXsrSt6__and_IJSt6__not_ISt15__is_tuple_likeIT_EESt21is_move_constructibleIS5_ESt18is_move_assignableIS5_EEE5valueEvE4typeERS5_SF_
FN:187,_ZSt4swapISt6localeENSt9enable_ifIXsrSt6__and_IJSt6__not_ISt15__is_tuple_likeIT_EESt21is_move_constructibleIS5_ESt18is_move_assignableIS5_EEE5valueEvE4typeERS5_SF_
FN:187,_ZSt4swapIcENSt9enable_ifIXsrSt6__and_IJSt6__not_ISt15__is_tuple_likeIT_EESt21is_move_constructibleIS4_ESt18is_move_assignableIS4_EEE5valueEvE4typeERS4_SE_
FN:187,_ZSt4swapIPSt4pairINSt7__cxx1112basic_stringIcSt11char_traitsIcESaIcEEES6_EENSt9enable_ifIXsrSt6__and_IJSt6__not_ISt15__is_tuple_likeIT_EESt21is_move_constructibleISD_ESt18is_move_assignableISD_EEE5valueEvE4typeERSD_SN_
FN:187,_ZSt4swapIP10VictimFileENSt9enable_ifIXsrSt6__and_IJSt6__not_ISt15__is_tuple_likeIT_EESt21is_move_constructibleIS6_ESt18is_move_assignableIS6_EEE5valueEvE4typeERS6_SG_
FN:187,_ZSt4swapIPFbRSt9_Any_dataRKS0_St18_Manager_operationEENSt9enable_ifIXsrSt6__and_IJSt6__not_ISt15__is_tuple_likeIT_EESt21is_move_constructibleISB_ESt18is_move_assignableISB_EEE5valueEvE4typeERSB_SL_
FN:187,_ZSt4swapIPSt4pairIlSt6vectorINSt7__cxx119sub_matchIN9__gnu_cxx17__normal_iteratorIPKcNS2_12basic_stringIcSt11char_traitsIcESaIcEEEEEEESaISE_EEEENSt9enable_ifIXsrSt6__and_IJSt6__not_ISt15__is_tuple_likeIT_EESt21is_move_constructibleISN_ESt18is_move_assignableISN_EEE5valueEvE4typeERSN_SX_
FNDA:0,_ZSt11__addressofISt4pairIccEEPT_RS2_
FNDA:0,_ZSt11__addressofINSt7__cxx1112regex_traitsIcE10_RegexMaskEEPT_RS4_
FNDA:0,_ZSt11__addressofISt4pairINSt7__cxx1112basic_stringIcSt11char_traitsIcESaIcEEES6_EEPT_RS8_
FNDA:0,_ZSt11__addressofIKNSt8__detail12_CharMatcherINSt7__cxx1112regex_traitsIcEELb1ELb1EEEEPT_RS7_
FNDA:0,_ZSt11__addressofIKNSt8__detail12_CharMatcherINSt7__cxx1112regex_traitsIcEELb1ELb0EEEEPT_RS7_
FNDA:0,_ZSt11__addressofIKNSt8__detail12_CharMatcherINSt7__cxx1112regex_traitsIcEELb0ELb1EEEEPT_RS7_
FNDA:0,_ZSt11__addressofIKNSt8__detail12_CharMatcherINSt7__cxx1112regex_traitsIcEELb0ELb0EEEEPT_RS7_
FNDA:0,_ZSt11__addressofIKNSt8__detail11_AnyMatcherINSt7__cxx1112regex_traitsIcEELb1ELb1ELb1EEEEPT_RS7_
FNDA:0,_ZSt11__addressofIKNSt8__detail11_AnyMatcherINSt7__cxx1112regex_traitsIcEELb1ELb1ELb0EEEEPT_RS7_
FNDA:0,_ZSt11__addressofIKNSt8__detail11_AnyMatcherINSt7__cxx1112regex_traitsIcEELb1ELb0ELb1EEEEPT_RS7_
FNDA:0,_ZSt11__addressofIKNSt8__detail11_AnyMatcherINSt7__cxx1112regex_traitsIcEELb1ELb0ELb0EEEEPT_RS7_
FNDA:0,_ZSt11__addressofIKNSt8__detail11_AnyMatcherINSt7__cxx1112regex_traitsIcEELb0ELb1ELb1EEEEPT_RS7_
FNDA:0,_ZSt11__addressofIKNSt8__detail11_AnyMatcherINSt7__cxx1112regex_traitsIcEELb0ELb1ELb0EEEEPT_RS7_
FNDA:0,_ZSt11__addressofIKNSt8__detail11_AnyMatcherINSt7__cxx1112regex_traitsIcEELb0ELb0ELb1EEEEPT_RS7_
FNDA:0,_ZSt11__addressofIKNSt8__detail11_AnyMatcherINSt7__cxx1112regex_traitsIcEELb0ELb0ELb0EEEEPT_RS7_
FNDA:0,_ZSt11__addressofINSt8__detail6_StateIcEEEPT_RS3_
FNDA:0,_ZSt11__addressofISaISt23_Sp_counted_ptr_inplaceINSt8__detail4_NFAINSt7__cxx1112regex_traitsIcEEEESaIS6_ELN9__gnu_cxx12_Lock_policyE2EEEEPT_RSC_
FNDA:0,_ZSt11__addressofISt4pairIN9__gnu_cxx17__normal_iteratorIPKcNSt7__cxx1112basic_stringIcSt11char_traitsIcESaIcEEEEEiEEPT_RSD_
FNDA:0,_ZSt11__addressofISt4pairIlSt6vectorINSt7__cxx119sub_matchIN9__gnu_cxx17__normal_iteratorIPKcNS2_12basic_stringIcSt11char_traitsIcESaIcEEEEEEESaISE_EEEEPT_RSI_
FNDA:0,_ZSt11__addressofINSt7__cxx119sub_matchIN9__gnu_cxx17__normal_iteratorIPKcNS0_12basic_stringIcSt11char_traitsIcESaIcEEEEEEEEPT_RSD_
FNDA:0,_ZSt11__addressofIKcEPT_RS1_
FNDA:0,_ZSt11__addressofINSt7__cxx1112basic_stringIcSt11char_traitsIcESaIcEEEEPT_RS6_
FNDA:0,_ZSt11__addressofI10VictimFileEPT_RS1_
FNDA:0,_ZSt7forwardIRKSt4pairINSt7__cxx1112basic_stringIcSt11char_traitsIcESaIcEEES6_EEOT_RNSt16remove_referenceISA_E4typeE
FNDA:0,_ZSt7forwardIRKSt4pairIccEEOT_RNSt16remove_referenceIS4_E4typeE
FNDA:0,_ZSt7forwardINSt7__cxx1112regex_traitsIcE10_RegexMaskEEOT_RNSt16remove_referenceIS4_E4typeE
FNDA:0,_ZSt7forwardISt4pairIlSt6vectorINSt7__cxx119sub_matchIN9__gnu_cxx17__normal_iteratorIPKcNS2_12basic_stringIcSt11char_traitsIcESaIcEEEEEEESaISE_EEEEOT_RNSt16remove_referenceISI_E4typeE
FNDA:0,_ZSt7forwardISt4pairINSt7__cxx1112basic_stringIcSt11char_traitsIcESaIcEEES6_EEOT_RNSt16remove_referenceIS8_E4typeE
FNDA:0,_ZSt7forwardISt4pairIccEEOT_RNSt16remove_referenceIS2_E4typeE
FNDA:0,_ZSt7forwardIRKNSt8__detail6_StateIcEEEOT_RNSt16remove_referenceIS5_E4typeE
FNDA:0,_ZSt7forwardIRPSt13_Rb_tree_nodeISt4pairIKllEEEOT_RNSt16remove_referenceIS7_E4typeE
FNDA:0,_ZSt7forwardINSt7__cxx119sub_matchIN9__gnu_cxx17__normal_iteratorIPKcNS0_12basic_stringIcSt11char_traitsIcESaIcEEEEEEEEOT_RNSt16remove_referenceISD_E4typeE
FNDA:0,_ZSt7forwardIRPSt18_Rb_tree_node_baseEOT_RNSt16remove_referenceIS3_E4typeE
FNDA:0,_ZSt7forwardIRKNSt7__cxx1112regex_traitsIcE10_RegexMaskEEOT_RNSt16remove_referenceIS6_E4typeE
FNDA:0,_ZSt7forwardIRKlEOT_RNSt16remove_referenceIS2_E4typeE
FNDA:0,_ZSt7forwardISt5tupleIJEEEOT_RNSt16remove_referenceIS2_E4typeE
FNDA:0,_ZSt7forwardISt5tupleIJRKlEEEOT_RNSt16remove_referenceIS4_E4typeE
FNDA:0,_ZSt7forwardIRKSt21piecewise_construct_tEOT_RNSt16remove_referenceIS3_E4typeE
FNDA:0,_ZSt7forwardIRKSt6vectorINSt7__cxx119sub_matchIN9__gnu_cxx17__normal_iteratorIPKcNS1_12basic_stringIcSt11char_traitsIcESaIcEEEEEEESaISD_EEEOT_RNSt16remove_referenceISI_E4typeE
FNDA:0,_ZSt7forwardIRlEOT_RNSt16remove_referenceIS1_E4typeE
FNDA:0,_ZSt7forwardIRKNSt8__detail9_StateSeqINSt7__cxx1112regex_traitsIcEEEEEOT_RNSt16remove_referenceIS8_E4typeE
FNDA:0,_ZSt7forwardIRKNSt7__cxx119sub_matchIN9__gnu_cxx17__normal_iteratorIPKcNS0_12basic_stringIcSt11char_traitsIcESaIcEEEEEEEEOT_RNSt16remove_referenceISF_E4typeE
FNDA:0,_ZSt7forwardINSt8__detail9_StateSeqINSt7__cxx1112regex_traitsIcEEEEEOT_RNSt16remove_referenceIS6_E4typeE
FNDA:0,_ZSt7forwardINSt8__detail6_StateIcEEEOT_RNSt16remove_referenceIS3_E4typeE
FNDA:0,_ZSt7forwardIRNSt7__cxx119sub_matchIN9__gnu_cxx17__normal_iteratorIPKcNS0_12basic_stringIcSt11char_traitsIcESaIcEEEEEEEEOT_RNSt16remove_referenceISE_E4typeE
FNDA:0,_ZSt7forwardIRKmEOT_RNSt16remove_referenceIS2_E4typeE
FNDA:0,_ZSt7forwardINSt7__cxx1112basic_stringIcSt11char_traitsIcESaIcEEEEOT_RNSt16remove_referenceIS6_E4typeE
FNDA:0,_ZSt7forwardIRNSt15regex_constants18syntax_option_typeEEOT_RNSt16remove_referenceIS3_E4typeE
FNDA:0,_ZSt7forwardIRKSt6localeEOT_RNSt16remove_referenceIS3_E4typeE
FNDA:0,_ZSt7forwardIRK10VictimFileEOT_RNSt16remove_referenceIS3_E4typeE
FNDA:0,_ZSt7forwardIRKNSt7__cxx1112basic_stringIcSt11char_traitsIcESaIcEEEEOT_RNSt16remove_referenceIS8_E4typeE
FNDA:0,_ZSt7forwardIcEOT_RNSt16remove_referenceIS0_E4typeE
FNDA:0,_ZSt4moveIRN9__gnu_cxx5__ops15_Iter_less_iterEEONSt16remove_referenceIT_E4typeEOS5_
FNDA:0,_ZSt4moveIRSt4pairINSt7__cxx1112basic_stringIcSt11char_traitsIcESaIcEEES6_EEONSt16remove_referenceIT_E4typeEOSA_
FNDA:0,_ZSt4moveIRSt4pairIccEEONSt16remove_referenceIT_E4typeEOS4_
FNDA:0,_ZSt4moveIRPSt4pairINSt7__cxx1112basic_stringIcSt11char_traitsIcESaIcEEES6_EEONSt16remove_referenceIT_E4typeEOSB_
FNDA:0,_ZSt4moveIRPNSt7__cxx1112regex_traitsIcE10_RegexMaskEEONSt16remove_referenceIT_E4typeEOS7_
FNDA:0,_ZSt4moveIRPSt4pairIccEEONSt16remove_referenceIT_E4typeEOS5_
FNDA:0,_ZSt4moveIRPNSt7__cxx1112basic_stringIcSt11char_traitsIcESaIcEEEEONSt16remove_referenceIT_E4typeEOS9_
FNDA:0,_ZSt4moveIRPcEONSt16remove_referenceIT_E4typeEOS3_
FNDA:0,_ZSt4moveIRSaISt4pairINSt7__cxx1112basic_stringIcSt11char_traitsIcESaIcEEES6_EEEONSt16remove_referenceIT_E4typeEOSB_
FNDA:0,_ZSt4moveIRSaINSt7__cxx1112regex_traitsIcE10_RegexMaskEEEONSt16remove_referenceIT_E4typeEOS7_
FNDA:0,_ZSt4moveIRSaISt4pairIccEEEONSt16remove_referenceIT_E4typeEOS5_
FNDA:0,_ZSt4moveIRSaINSt7__cxx1112basic_stringIcSt11char_traitsIcESaIcEEEEEONSt16remove_referenceIT_E4typeEOS9_
FNDA:0,_ZSt4moveIRSaINSt7__cxx119sub_matchIN9__gnu_cxx17__normal_iteratorIPKcNS0_12basic_stringIcSt11char_traitsIcESaIcEEEEEEEEEONSt16remove_referenceIT_E4typeEOSG_
FNDA:0,_ZSt4moveIRPNSt7__cxx119sub_matchIN9__gnu_cxx17__normal_iteratorIPKcNS0_12basic_stringIcSt11char_traitsIcESaIcEEEEEEEEONSt16remove_referenceIT_E4typeEOSG_
FNDA:0,_ZSt4moveIRPSt4pairIlSt6vectorINSt7__cxx119sub_matchIN9__gnu_cxx17__normal_iteratorIPKcNS2_12basic_stringIcSt11char_traitsIcESaIcEEEEEEESaISE_EEEEONSt16remove_referenceIT_E4typeEOSL_
FNDA:0,_ZSt4moveIRSaISt4pairIlSt6vectorINSt7__cxx119sub_matchIN9__gnu_cxx17__normal_iteratorIPKcNS2_12basic_stringIcSt11char_traitsIcESaIcEEEEEEESaISE_EEEEEONSt16remove_referenceIT_E4typeEOSL_
FNDA:0,_ZSt4moveIRSt6vectorISt4pairINSt7__cxx1112basic_stringIcSt11char_traitsIcESaIcEEES7_ESaIS8_EEEONSt16remove_referenceIT_E4typeEOSD_
FNDA:0,_ZSt4moveIRSt6vectorINSt7__cxx1112regex_traitsIcE10_RegexMaskESaIS4_EEEONSt16remove_referenceIT_E4typeEOS9_
FNDA:0,_ZSt4moveIRSt6vectorISt4pairIccESaIS2_EEEONSt16remove_referenceIT_E4typeEOS7_
FNDA:0,_ZSt4moveIRSt6vectorINSt7__cxx1112basic_stringIcSt11char_traitsIcESaIcEEESaIS6_EEEONSt16remove_referenceIT_E4typeEOSB_
FNDA:0,_ZSt4moveIRSt6vectorIcSaIcEEEONSt16remove_referenceIT_E4typeEOS5_
FNDA:0,_ZSt4moveIRNSt8__detail12_CharMatcherINSt7__cxx1112regex_traitsIcEELb1ELb1EEEEONSt16remove_referenceIT_E4typeEOS8_
FNDA:0,_ZSt4moveIRNSt8__detail12_CharMatcherINSt7__cxx1112regex_traitsIcEELb1ELb0EEEEONSt16remove_referenceIT_E4typeEOS8_
FNDA:0,_ZSt4moveIRNSt8__detail12_CharMatcherINSt7__cxx1112regex_traitsIcEELb0ELb1EEEEONSt16remove_referenceIT_E4typeEOS8_
FNDA:0,_ZSt4moveIRNSt8__detail12_CharMatcherINSt7__cxx1112regex_traitsIcEELb0ELb0EEEEONSt16remove_referenceIT_E4typeEOS8_
FNDA:0,_ZSt4moveIRNSt8__detail11_AnyMatcherINSt7__cxx1112regex_traitsIcEELb1ELb1ELb1EEEEONSt16remove_referenceIT_E4typeEOS8_
FNDA:0,_ZSt4moveIRNSt8__detail11_AnyMatcherINSt7__cxx1112regex_traitsIcEELb1ELb1ELb0EEEEONSt16remove_referenceIT_E4typeEOS8_
FNDA:0,_ZSt4moveIRNSt8__detail11_AnyMatcherINSt7__cxx1112regex_traitsIcEELb1ELb0ELb1EEEEONSt16remove_referenceIT_E4typeEOS8_
FNDA:0,_ZSt4moveIRNSt8__detail11_AnyMatcherINSt7__cxx1112regex_traitsIcEELb1ELb0ELb0EEEEONSt16remove_referenceIT_E4typeEOS8_
FNDA:0,_ZSt4moveIRNSt8__detail11_AnyMatcherINSt7__cxx1112regex_traitsIcEELb0ELb1ELb1EEEEONSt16remove_referenceIT_E4typeEOS8_
FNDA:0,_ZSt4moveIRNSt8__detail11_AnyMatcherINSt7__cxx1112regex_traitsIcEELb0ELb1ELb0EEEEONSt16remove_referenceIT_E4typeEOS8_
FNDA:0,_ZSt4moveIRNSt8__detail11_AnyMatcherINSt7__cxx1112regex_traitsIcEELb0ELb0ELb1EEEEONSt16remove_referenceIT_E4typeEOS8_
FNDA:0,_ZSt4moveIRNSt8__detail11_AnyMatcherINSt7__cxx1112regex_traitsIcEELb0ELb0ELb0EEEEONSt16remove_referenceIT_E4typeEOS8_
FNDA:0,_ZSt4moveIRlEONSt16remove_referenceIT_E4typeEOS2_
FNDA:0,_ZSt4moveIRNSt8__detail15_BracketMatcherINSt7__cxx1112regex_traitsIcEELb1ELb1EEEEONSt16remove_referenceIT_E4typeEOS8_
FNDA:0,_ZSt4moveIRNSt8__detail15_BracketMatcherINSt7__cxx1112regex_traitsIcEELb1ELb0EEEEONSt16remove_referenceIT_E4typeEOS8_
FNDA:0,_ZSt4moveIRNSt8__detail15_BracketMatcherINSt7__cxx1112regex_traitsIcEELb0ELb1EEEEONSt16remove_referenceIT_E4typeEOS8_
FNDA:0,_ZSt4moveIRNSt8__detail15_BracketMatcherINSt7__cxx1112regex_traitsIcEELb0ELb0EEEEONSt16remove_referenceIT_E4typeEOS8_
FNDA:0,_ZSt4moveIRPFbRKSt9_Any_dataOcEEONSt16remove_referenceIT_E4typeEOS8_
FNDA:0,_ZSt4moveIRPFbRSt9_Any_dataRKS0_St18_Manager_operationEEONSt16remove_referenceIT_E4typeEOS9_
FNDA:0,_ZSt4moveIRSt9_Any_dataEONSt16remove_referenceIT_E4typeEOS3_
FNDA:0,_ZSt4moveIRKSaINSt8__detail4_NFAINSt7__cxx1112regex_traitsIcEEEEEEONSt16remove_referenceIT_E4typeEOSA_
[...]
FNDA:0,_ZSt9__find_ifIN9__gnu_cxx17__normal_iteratorIP10VictimFileSt6vectorIS2_SaIS2_EEEENS0_5__ops16_Iter_equals_valIKS2_EEET_SC_SC_T0_
FNDA:1,_ZSt7copy_ifIN9__gnu_cxx17__normal_iteratorIP10VictimFileSt6vectorIS2_SaIS2_EEEESt20back_insert_iteratorIS6_EZN17VictimFileService37getVectorOfFilesWithOriginAndLowerAgeENSt7__cxx1112basic_stringIcSt11char_traitsIcESaIcEEEiEUlS2_E_ET0_T_SJ_SI_T1_
FNDA:0,_ZSt11__remove_ifIN9__gnu_cxx17__normal_iteratorIP10VictimFileSt6vectorIS2_SaIS2_EEEENS0_5__ops16_Iter_equals_valIKS2_EEET_SC_SC_T0_
FNDA:0,_ZSt6removeIN9__gnu_cxx17__normal_iteratorIP10VictimFileSt6vectorIS2_SaIS2_EEEES2_ET_S8_S8_RKT0_
FNDA:0,_ZSt4findIN9__gnu_cxx17__normal_iteratorIP10VictimFileSt6vectorIS2_SaIS2_EEEES2_ET_S8_S8_RKT0_
FNF:6
FNH:1
DA:112,0
DA:116,0
DA:118,0
DA:120,0
DA:121,0
DA:122,0
DA:124,0
DA:125,0
DA:126,0
DA:128,0
DA:129,0
DA:130,0
DA:132,0
DA:133,0
DA:134,0
DA:137,0
DA:139,0
DA:140,0
DA:141,0
DA:142,0
DA:143,0
DA:144,0
DA:145,0
DA:146,0
DA:147,0
DA:148,0
DA:149,0
DA:150,0
DA:151,0
DA:153,0
DA:159,0
DA:162,0
DA:737,5
DA:748,9
DA:749,4
DA:751,1
DA:752,1
DA:754,1
DA:860,0
DA:863,0
DA:864,0
DA:865,0
DA:866,0
DA:867,0
DA:868,0
DA:869,0
DA:871,0
DA:872,0
DA:874,0
DA:896,0
DA:906,0
DA:907,0
DA:3899,0
DA:3907,0
DA:3908,0
LF:55
LH:6
end_of_record
SF:/usr/include/c++/7/bits/stl_algobase.h
FN:219,_ZSt3maxImERKT_S2_S2_
FN:277,_ZSt12__niter_baseIP10VictimFileET_S2_
FN:319,_ZNSt11__copy_moveILb0ELb0ESt26random_access_iterator_tagE8__copy_mIPK10VictimFilePS3_EET0_T_S8_S7_
FN:319,_ZNSt11__copy_moveILb0ELb0ESt26random_access_iterator_tagE8__copy_mIP10VictimFileS4_EET0_T_S6_S5_
FN:338,_ZNSt11__copy_moveILb1ELb0ESt26random_access_iterator_tagE8__copy_mIP10VictimFileS4_EET0_T_S6_S5_
FN:375,_ZSt13__copy_move_aILb0EPK10VictimFilePS0_ET1_T0_S5_S4_
FN:375,_ZSt13__copy_move_aILb0EP10VictimFileS1_ET1_T0_S3_S2_
FN:375,_ZSt13__copy_move_aILb1EP10VictimFileS1_ET1_T0_S3_S2_
FN:420,_ZSt14__copy_move_a2ILb0EN9__gnu_cxx17__normal_iteratorIPK10VictimFileSt6vectorIS2_SaIS2_EEEENS1_IPS2_S7_EEET1_T0_SC_SB_
FN:420,_ZSt14__copy_move_a2ILb0EP10VictimFileS1_ET1_T0_S3_S2_
FN:420,_ZSt14__copy_move_a2ILb1EN9__gnu_cxx17__normal_iteratorIP10VictimFileSt6vectorIS2_SaIS2_EEEES7_ET1_T0_S9_S8_
FN:446,_ZSt4copyIN9__gnu_cxx17__normal_iteratorIPK10VictimFileSt6vectorIS2_SaIS2_EEEENS1_IPS2_S7_EEET0_T_SC_SB_
FN:446,_ZSt4copyIP10VictimFileS1_ET0_T_S3_S2_
FN:479,_ZSt4moveIN9__gnu_cxx17__normal_iteratorIP10VictimFileSt6vectorIS2_SaIS2_EEEES7_ET0_T_S9_S8_
FNDA:0,_ZSt3maxImERKT_S2_S2_
FNDA:0,_ZSt12__niter_baseIP10VictimFileET_S2_
FNDA:0,_ZNSt11__copy_moveILb0ELb0ESt26random_access_iterator_tagE8__copy_mIP10VictimFileS4_EET0_T_S6_S5_
FNDA:0,_ZNSt11__copy_moveILb0ELb0ESt26random_access_iterator_tagE8__copy_mIPK10VictimFilePS3_EET0_T_S8_S7_
FNDA:0,_ZNSt11__copy_moveILb1ELb0ESt26random_access_iterator_tagE8__copy_mIP10VictimFileS4_EET0_T_S6_S5_
FNDA:0,_ZSt13__copy_move_aILb1EP10VictimFileS1_ET1_T0_S3_S2_
FNDA:0,_ZSt13__copy_move_aILb0EP10VictimFileS1_ET1_T0_S3_S2_
FNDA:0,_ZSt13__copy_move_aILb0EPK10VictimFilePS0_ET1_T0_S5_S4_
FNDA:0,_ZSt14__copy_move_a2ILb1EN9__gnu_cxx17__normal_iteratorIP10VictimFileSt6vectorIS2_SaIS2_EEEES7_ET1_T0_S9_S8_
FNDA:0,_ZSt14__copy_move_a2ILb0EP10VictimFileS1_ET1_T0_S3_S2_
FNDA:0,_ZSt14__copy_move_a2ILb0EN9__gnu_cxx17__normal_iteratorIPK10VictimFileSt6vectorIS2_SaIS2_EEEENS1_IPS2_S7_EEET1_T0_SC_SB_
FNDA:0,_ZSt4copyIP10VictimFileS1_ET0_T_S3_S2_
FNDA:0,_ZSt4copyIN9__gnu_cxx17__normal_iteratorIPK10VictimFileSt6vectorIS2_SaIS2_EEEENS1_IPS2_S7_EEET0_T_SC_SB_
FNDA:0,_ZSt4moveIN9__gnu_cxx17__normal_iteratorIP10VictimFileSt6vectorIS2_SaIS2_EEEES7_ET0_T_S9_S8_
FNF:14
FNH:0
DA:219,0
DA:224,0
DA:225,0
DA:226,0
DA:277,0
DA:278,0
DA:319,0
DA:322,0
DA:324,0
DA:325,0
DA:326,0
DA:328,0
DA:338,0
DA:341,0
DA:343,0
DA:344,0
DA:345,0
DA:347,0
DA:375,0
DA:380,0
DA:386,0
DA:420,0
DA:422,0
DA:424,0
DA:446,0
DA:455,0
DA:456,0
DA:479,0
DA:487,0
DA:488,0
LF:30
LH:0
end_of_record
SF:/usr/include/c++/7/bits/stl_construct.h
FN:74,_ZSt10_ConstructI10VictimFileJRS0_EEvPT_DpOT0_
FN:74,_ZSt10_ConstructI10VictimFileJRKS0_EEvPT_DpOT0_
FN:97,_ZSt8_DestroyI10VictimFileEvPT_
FN:105,_ZNSt12_Destroy_auxILb0EE9__destroyIP10VictimFileEEvT_S4_
FN:105,_ZNSt12_Destroy_auxILb0EE9__destroyIN9__gnu_cxx17__normal_iteratorIP10VictimFileSt6vectorIS4_SaIS4_EEEEEEvT_SA_
FN:127,_ZSt8_DestroyIP10VictimFileEvT_S2_
FN:127,_ZSt8_DestroyIN9__gnu_cxx17__normal_iteratorIP10VictimFileSt6vectorIS2_SaIS2_EEEEEvT_S8_
FN:203,_ZSt8_DestroyIP10VictimFileS0_EvT_S2_RSaIT0_E
FN:203,_ZSt8_DestroyIN9__gnu_cxx17__normal_iteratorIP10VictimFileSt6vectorIS2_SaIS2_EEEES2_EvT_S8_RSaIT0_E
FNDA:0,_ZSt10_ConstructI10VictimFileJRS0_EEvPT_DpOT0_
FNDA:0,_ZSt10_ConstructI10VictimFileJRKS0_EEvPT_DpOT0_
FNDA:0,_ZSt8_DestroyI10VictimFileEvPT_
FNDA:0,_ZNSt12_Destroy_auxILb0EE9__destroyIN9__gnu_cxx17__normal_iteratorIP10VictimFileSt6vectorIS4_SaIS4_EEEEEEvT_SA_
FNDA:0,_ZNSt12_Destroy_auxILb0EE9__destroyIP10VictimFileEEvT_S4_
FNDA:0,_ZSt8_DestroyIN9__gnu_cxx17__normal_iteratorIP10VictimFileSt6vectorIS2_SaIS2_EEEEEvT_S8_
FNDA:0,_ZSt8_DestroyIP10VictimFileEvT_S2_
FNDA:0,_ZSt8_DestroyIN9__gnu_cxx17__normal_iteratorIP10VictimFileSt6vectorIS2_SaIS2_EEEES2_EvT_S8_RSaIT0_E
FNDA:0,_ZSt8_DestroyIP10VictimFileS0_EvT_S2_RSaIT0_E
FNF:9
FNH:0
DA:74,0
DA:75,0
DA:97,0
DA:98,0
DA:105,0
DA:107,0
DA:108,0
DA:109,0
DA:127,0
DA:137,0
DA:138,0
DA:203,0
DA:206,0
DA:207,0
LF:14
LH:0
end_of_record
SF:/usr/include/c++/7/bits/stl_iterator.h
FN:464,_ZNSt20back_insert_iteratorISt6vectorI10VictimFileSaIS1_EEEC2ERS3_
FN:487,_ZNSt20back_insert_iteratorISt6vectorI10VictimFileSaIS1_EEEaSERKS1_
FN:503,_ZNSt20back_insert_iteratorISt6vectorI10VictimFileSaIS1_EEEdeEv
FN:508,_ZNSt20back_insert_iteratorISt6vectorI10VictimFileSaIS1_EEEppEv
FN:530,_ZSt13back_inserterISt6vectorI10VictimFileSaIS1_EEESt20back_insert_iteratorIT_ERS5_
FN:779,_ZN9__gnu_cxx17__normal_iteratorIP10VictimFileSt6vectorIS1_SaIS1_EEEC2ERKS2_
FN:779,_ZN9__gnu_cxx17__normal_iteratorIPK10VictimFileSt6vectorIS1_SaIS1_EEEC2ERKS3_
FN:784,_ZN9__gnu_cxx17__normal_iteratorIPK10VictimFileSt6vectorIS1_SaIS1_EEEC2IPS1_EERKNS0_IT_NS_11__enable_ifIXsrSt10__are_sameISA_S9_E7__valueES6_E6__typeEEE
FN:792,_ZNK9__gnu_cxx17__normal_iteratorIP10VictimFileSt6vectorIS1_SaIS1_EEEdeEv
FN:792,_ZNK9__gnu_cxx17__normal_iteratorIPK10VictimFileSt6vectorIS1_SaIS1_EEEdeEv
FN:800,_ZN9__gnu_cxx17__normal_iteratorIPK10VictimFileSt6vectorIS1_SaIS1_EEEppEv
FN:800,_ZN9__gnu_cxx17__normal_iteratorIP10VictimFileSt6vectorIS1_SaIS1_EEEppEv
FN:832,_ZNK9__gnu_cxx17__normal_iteratorIP10VictimFileSt6vectorIS1_SaIS1_EEEplEl
FN:844,_ZNK9__gnu_cxx17__normal_iteratorIPK10VictimFileSt6vectorIS1_SaIS1_EEE4baseEv
FN:844,_ZNK9__gnu_cxx17__normal_iteratorIP10VictimFileSt6vectorIS1_SaIS1_EEE4baseEv
FN:866,_ZN9__gnu_cxxeqIP10VictimFileSt6vectorIS1_SaIS1_EEEEbRKNS_17__normal_iteratorIT_T0_EESB_
FN:880,_ZN9__gnu_cxxneIPK10VictimFileSt6vectorIS1_SaIS1_EEEEbRKNS_17__normal_iteratorIT_T0_EESC_
FN:880,_ZN9__gnu_cxxneIP10VictimFileSt6vectorIS1_SaIS1_EEEEbRKNS_17__normal_iteratorIT_T0_EESB_
FN:962,_ZN9__gnu_cxxmiIP10VictimFileSt6vectorIS1_SaIS1_EEEENS_17__normal_iteratorIT_T0_E15difference_typeERKS9_SC_
FN:962,_ZN9__gnu_cxxmiIPK10VictimFileSt6vectorIS1_SaIS1_EEEENS_17__normal_iteratorIT_T0_E15difference_typeERKSA_SD_
FN:983,_ZSt12__niter_baseIPK10VictimFileSt6vectorIS0_SaIS0_EEET_N9__gnu_cxx17__normal_iteratorIS6_T0_EE
FN:983,_ZSt12__niter_baseIP10VictimFileSt6vectorIS0_SaIS0_EEET_N9__gnu_cxx17__normal_iteratorIS5_T0_EE
FN:1221,_ZSt32__make_move_if_noexcept_iteratorI10VictimFilePKS0_ET0_PT_
FNDA:1,_ZNSt20back_insert_iteratorISt6vectorI10VictimFileSaIS1_EEEC2ERS3_
FNDA:1,_ZNSt20back_insert_iteratorISt6vectorI10VictimFileSaIS1_EEEaSERKS1_
FNDA:1,_ZNSt20back_insert_iteratorISt6vectorI10VictimFileSaIS1_EEEdeEv
FNDA:1,_ZNSt20back_insert_iteratorISt6vectorI10VictimFileSaIS1_EEEppEv
FNDA:1,_ZSt13back_inserterISt6vectorI10VictimFileSaIS1_EEESt20back_insert_iteratorIT_ERS5_
FNDA:0,_ZN9__gnu_cxx17__normal_iteratorIPK10VictimFileSt6vectorIS1_SaIS1_EEEC2ERKS3_
FNDA:0,_ZN9__gnu_cxx17__normal_iteratorIP10VictimFileSt6vectorIS1_SaIS1_EEEC2ERKS2_
FNDA:0,_ZN9__gnu_cxx17__normal_iteratorIPK10VictimFileSt6vectorIS1_SaIS1_EEEC2IPS1_EERKNS0_IT_NS_11__enable_ifIXsrSt10__are_sameISA_S9_E7__valueES6_E6__typeEEE
FNDA:0,_ZNK9__gnu_cxx17__normal_iteratorIPK10VictimFileSt6vectorIS1_SaIS1_EEEdeEv
FNDA:0,_ZNK9__gnu_cxx17__normal_iteratorIP10VictimFileSt6vectorIS1_SaIS1_EEEdeEv
FNDA:0,_ZN9__gnu_cxx17__normal_iteratorIPK10VictimFileSt6vectorIS1_SaIS1_EEEppEv
FNDA:0,_ZN9__gnu_cxx17__normal_iteratorIP10VictimFileSt6vectorIS1_SaIS1_EEEppEv
FNDA:0,_ZNK9__gnu_cxx17__normal_iteratorIP10VictimFileSt6vectorIS1_SaIS1_EEEplEl
FNDA:0,_ZNK9__gnu_cxx17__normal_iteratorIPK10VictimFileSt6vectorIS1_SaIS1_EEE4baseEv
FNDA:0,_ZNK9__gnu_cxx17__normal_iteratorIP10VictimFileSt6vectorIS1_SaIS1_EEE4baseEv
FNDA:0,_ZN9__gnu_cxxeqIP10VictimFileSt6vectorIS1_SaIS1_EEEEbRKNS_17__normal_iteratorIT_T0_EESB_
FNDA:0,_ZN9__gnu_cxxneIPK10VictimFileSt6vectorIS1_SaIS1_EEEEbRKNS_17__normal_iteratorIT_T0_EESC_
FNDA:0,_ZN9__gnu_cxxneIP10VictimFileSt6vectorIS1_SaIS1_EEEEbRKNS_17__normal_iteratorIT_T0_EESB_
FNDA:0,_ZN9__gnu_cxxmiIP10VictimFileSt6vectorIS1_SaIS1_EEEENS_17__normal_iteratorIT_T0_E15difference_typeERKS9_SC_
FNDA:0,_ZN9__gnu_cxxmiIPK10VictimFileSt6vectorIS1_SaIS1_EEEENS_17__normal_iteratorIT_T0_E15difference_typeERKSA_SD_
FNDA:0,_ZSt12__niter_baseIP10VictimFileSt6vectorIS0_SaIS0_EEET_N9__gnu_cxx17__normal_iteratorIS5_T0_EE
FNDA:0,_ZSt12__niter_baseIPK10VictimFileSt6vectorIS0_SaIS0_EEET_N9__gnu_cxx17__normal_iteratorIS6_T0_EE
FNDA:0,_ZSt32__make_move_if_noexcept_iteratorI10VictimFilePKS0_ET0_PT_
FNF:23
FNH:5
DA:464,1
DA:465,1
DA:487,1
DA:489,1
DA:490,1
DA:503,1
DA:504,1
DA:508,1
DA:509,1
DA:530,1
DA:531,1
DA:779,0
DA:780,0
DA:784,0
DA:788,0
DA:792,0
DA:793,0
DA:800,0
DA:802,0
DA:803,0
DA:832,0
DA:833,0
DA:844,0
DA:845,0
DA:866,0
DA:869,0
DA:880,0
DA:883,0
DA:962,0
DA:965,0
DA:983,0
DA:984,0
DA:1221,0
DA:1222,0
LF:34
LH:11
end_of_record
SF:/usr/include/c++/7/bits/stl_iterator_base_types.h
FN:205,_ZSt19__iterator_categoryIN9__gnu_cxx17__normal_iteratorIP10VictimFileSt6vectorIS2_SaIS2_EEEEENSt15iterator_traitsIT_E17iterator_categoryERKS9_
FNDA:0,_ZSt19__iterator_categoryIN9__gnu_cxx17__normal_iteratorIP10VictimFileSt6vectorIS2_SaIS2_EEEEENSt15iterator_traitsIT_E17iterator_categoryERKS9_
FNF:1
FNH:0
DA:205,0
DA:206,0
LF:2
LH:0
end_of_record
SF:/usr/include/c++/7/bits/stl_uninitialized.h
FN:76,_ZNSt20__uninitialized_copyILb0EE13__uninit_copyIN9__gnu_cxx17__normal_iteratorIPK10VictimFileSt6vectorIS4_SaIS4_EEEEPS4_EET0_T_SD_SC_
FN:76,_ZNSt20__uninitialized_copyILb0EE13__uninit_copyIPK10VictimFilePS2_EET0_T_S7_S6_
FN:76,_ZNSt20__uninitialized_copyILb0EE13__uninit_copyIP10VictimFileS3_EET0_T_S5_S4_
FN:115,_ZSt18uninitialized_copyIPK10VictimFilePS0_ET0_T_S5_S4_
FN:115,_ZSt18uninitialized_copyIN9__gnu_cxx17__normal_iteratorIPK10VictimFileSt6vectorIS2_SaIS2_EEEEPS2_ET0_T_SB_SA_
FN:115,_ZSt18uninitialized_copyIP10VictimFileS1_ET0_T_S3_S2_
FN:287,_ZSt22__uninitialized_copy_aIP10VictimFileS1_S0_ET0_T_S3_S2_RSaIT1_E
FN:287,_ZSt22__uninitialized_copy_aIPK10VictimFilePS0_S0_ET0_T_S5_S4_RSaIT1_E
FN:287,_ZSt22__uninitialized_copy_aIN9__gnu_cxx17__normal_iteratorIPK10VictimFileSt6vectorIS2_SaIS2_EEEEPS2_S2_ET0_T_SB_SA_RSaIT1_E
FN:305,_ZSt34__uninitialized_move_if_noexcept_aIP10VictimFileS1_SaIS0_EET0_T_S4_S3_RT1_
FNDA:0,_ZNSt20__uninitialized_copyILb0EE13__uninit_copyIPK10VictimFilePS2_EET0_T_S7_S6_
FNDA:0,_ZNSt20__uninitialized_copyILb0EE13__uninit_copyIP10VictimFileS3_EET0_T_S5_S4_
FNDA:0,_ZNSt20__uninitialized_copyILb0EE13__uninit_copyIN9__gnu_cxx17__normal_iteratorIPK10VictimFileSt6vectorIS4_SaIS4_EEEEPS4_EET0_T_SD_SC_
FNDA:0,_ZSt18uninitialized_copyIPK10VictimFilePS0_ET0_T_S5_S4_
FNDA:0,_ZSt18uninitialized_copyIP10VictimFileS1_ET0_T_S3_S2_
FNDA:0,_ZSt18uninitialized_copyIN9__gnu_cxx17__normal_iteratorIPK10VictimFileSt6vectorIS2_SaIS2_EEEEPS2_ET0_T_SB_SA_
FNDA:0,_ZSt22__uninitialized_copy_aIPK10VictimFilePS0_S0_ET0_T_S5_S4_RSaIT1_E
FNDA:0,_ZSt22__uninitialized_copy_aIP10VictimFileS1_S0_ET0_T_S3_S2_RSaIT1_E
FNDA:0,_ZSt22__uninitialized_copy_aIN9__gnu_cxx17__normal_iteratorIPK10VictimFileSt6vectorIS2_SaIS2_EEEEPS2_S2_ET0_T_SB_SA_RSaIT1_E
FNDA:0,_ZSt34__uninitialized_move_if_noexcept_aIP10VictimFileS1_SaIS0_EET0_T_S4_S3_RT1_
FNF:10
FNH:0
DA:76,0
DA:79,0
DA:82,0
DA:83,0
DA:84,0
DA:86,0
DA:88,0
DA:89,0
DA:115,0
DA:128,0
DA:134,0
DA:287,0
DA:289,0
DA:305,0
DA:311,0
DA:312,0
LF:16
LH:0
end_of_record
SF:/usr/include/c++/7/bits/stl_vector.h
FN:81,_ZNSt12_Vector_baseI10VictimFileSaIS0_EE12_Vector_implD2Ev
FN:88,_ZNSt12_Vector_baseI10VictimFileSaIS0_EE12_Vector_implC2Ev
FN:92,_ZNSt12_Vector_baseI10VictimFileSaIS0_EE12_Vector_implC2ERKS1_
FN:115,_ZNSt12_Vector_baseI10VictimFileSaIS0_EE19_M_get_Tp_allocatorEv
FN:119,_ZNKSt12_Vector_baseI10VictimFileSaIS0_EE19_M_get_Tp_allocatorEv
FN:126,_ZNSt12_Vector_baseI10VictimFileSaIS0_EEC2Ev
FN:136,_ZNSt12_Vector_baseI10VictimFileSaIS0_EEC2EmRKS1_
FN:161,_ZNSt12_Vector_baseI10VictimFileSaIS0_EED2Ev
FN:169,_ZNSt12_Vector_baseI10VictimFileSaIS0_EE11_M_allocateEm
FN:176,_ZNSt12_Vector_baseI10VictimFileSaIS0_EE13_M_deallocateEPS0_m
FN:185,_ZNSt12_Vector_baseI10VictimFileSaIS0_EE17_M_create_storageEm
FN:259,_ZNSt6vectorI10VictimFileSaIS0_EEC2Ev
FN:326,_ZNSt6vectorI10VictimFileSaIS0_EEC2ERKS2_
FN:433,_ZNSt6vectorI10VictimFileSaIS0_EED2Ev
FN:563,_ZNSt6vectorI10VictimFileSaIS0_EE5beginEv
FN:572,_ZNKSt6vectorI10VictimFileSaIS0_EE5beginEv
FN:581,_ZNSt6vectorI10VictimFileSaIS0_EE3endEv
FN:590,_ZNKSt6vectorI10VictimFileSaIS0_EE3endEv
FN:636,_ZNKSt6vectorI10VictimFileSaIS0_EE6cbeginEv
FN:670,_ZNKSt6vectorI10VictimFileSaIS0_EE4sizeEv
FN:675,_ZNKSt6vectorI10VictimFileSaIS0_EE8max_sizeEv
FN:750,_ZNKSt6vectorI10VictimFileSaIS0_EE8capacityEv
FN:795,_ZNSt6vectorI10VictimFileSaIS0_EEixEm
FN:939,_ZNSt6vectorI10VictimFileSaIS0_EE9push_backERKS0_
FN:1206,_ZNSt6vectorI10VictimFileSaIS0_EE5eraseEN9__gnu_cxx17__normal_iteratorIPKS0_S2_EES7_
FN:1247,_ZNSt6vectorI10VictimFileSaIS0_EE5clearEv
FN:1257,_ZNSt6vectorI10VictimFileSaIS0_EE20_M_allocate_and_copyIN9__gnu_cxx17__normal_iteratorIPKS0_S2_EEEEPS0_mT_SA_
FN:1497,_ZNKSt6vectorI10VictimFileSaIS0_EE12_M_check_lenEmPKc
FN:1511,_ZNSt6vectorI10VictimFileSaIS0_EE15_M_erase_at_endEPS0_
FNDA:0,_ZNSt12_Vector_baseI10VictimFileSaIS0_EE12_Vector_implD2Ev
FNDA:0,_ZNSt12_Vector_baseI10VictimFileSaIS0_EE12_Vector_implC2Ev
FNDA:0,_ZNSt12_Vector_baseI10VictimFileSaIS0_EE12_Vector_implC2ERKS1_
FNDA:0,_ZNSt12_Vector_baseI10VictimFileSaIS0_EE19_M_get_Tp_allocatorEv
FNDA:0,_ZNKSt12_Vector_baseI10VictimFileSaIS0_EE19_M_get_Tp_allocatorEv
FNDA:0,_ZNSt12_Vector_baseI10VictimFileSaIS0_EEC2Ev
FNDA:0,_ZNSt12_Vector_baseI10VictimFileSaIS0_EEC2EmRKS1_
FNDA:0,_ZNSt12_Vector_baseI10VictimFileSaIS0_EED2Ev
FNDA:0,_ZNSt12_Vector_baseI10VictimFileSaIS0_EE11_M_allocateEm
FNDA:0,_ZNSt12_Vector_baseI10VictimFileSaIS0_EE13_M_deallocateEPS0_m
FNDA:0,_ZNSt12_Vector_baseI10VictimFileSaIS0_EE17_M_create_storageEm
FNDA:0,_ZNSt6vectorI10VictimFileSaIS0_EEC2Ev
FNDA:0,_ZNSt6vectorI10VictimFileSaIS0_EEC2ERKS2_
FNDA:0,_ZNSt6vectorI10VictimFileSaIS0_EED2Ev
FNDA:0,_ZNSt6vectorI10VictimFileSaIS0_EE5beginEv
FNDA:0,_ZNKSt6vectorI10VictimFileSaIS0_EE5beginEv
FNDA:0,_ZNSt6vectorI10VictimFileSaIS0_EE3endEv
FNDA:0,_ZNKSt6vectorI10VictimFileSaIS0_EE3endEv
FNDA:0,_ZNKSt6vectorI10VictimFileSaIS0_EE6cbeginEv
FNDA:0,_ZNKSt6vectorI10VictimFileSaIS0_EE4sizeEv
FNDA:0,_ZNKSt6vectorI10VictimFileSaIS0_EE8max_sizeEv
FNDA:0,_ZNKSt6vectorI10VictimFileSaIS0_EE8capacityEv
FNDA:0,_ZNSt6vectorI10VictimFileSaIS0_EEixEm
FNDA:0,_ZNSt6vectorI10VictimFileSaIS0_EE9push_backERKS0_
FNDA:0,_ZNSt6vectorI10VictimFileSaIS0_EE5eraseEN9__gnu_cxx17__normal_iteratorIPKS0_S2_EES7_
FNDA:0,_ZNSt6vectorI10VictimFileSaIS0_EE5clearEv
FNDA:0,_ZNSt6vectorI10VictimFileSaIS0_EE20_M_allocate_and_copyIN9__gnu_cxx17__normal_iteratorIPKS0_S2_EEEEPS0_mT_SA_
FNDA:0,_ZNKSt6vectorI10VictimFileSaIS0_EE12_M_check_lenEmPKc
FNDA:0,_ZNSt6vectorI10VictimFileSaIS0_EE15_M_erase_at_endEPS0_
FNF:29
FNH:0
DA:81,0
DA:88,0
DA:89,0
DA:90,0
DA:92,0
DA:93,0
DA:94,0
DA:115,0
DA:116,0
DA:119,0
DA:120,0
DA:126,0
DA:127,0
DA:136,0
DA:137,0
DA:138,0
DA:161,0
DA:162,0
DA:163,0
DA:169,0
DA:172,0
DA:176,0
DA:179,0
DA:180,0
DA:181,0
DA:185,0
DA:187,0
DA:188,0
DA:189,0
DA:190,0
DA:259,0
DA:263,0
DA:326,0
DA:328,0
DA:330,0
DA:331,0
DA:333,0
DA:334,0
DA:433,0
DA:434,0
DA:435,0
DA:563,0
DA:564,0
DA:572,0
DA:573,0
DA:581,0
DA:582,0
DA:590,0
DA:591,0
DA:636,0
DA:637,0
DA:670,0
DA:671,0
DA:675,0
DA:676,0
DA:750,0
DA:751,0
DA:752,0
DA:795,0
DA:798,0
DA:939,0
DA:941,0
DA:943,0
DA:945,0
DA:948,0
DA:949,0
DA:1206,0
DA:1208,0
DA:1209,0
DA:1210,0
DA:1247,0
DA:1248,0
DA:1257,0
DA:1260,0
DA:1263,0
DA:1264,0
DA:1265,0
DA:1267,0
DA:1269,0
DA:1270,0
DA:1497,0
DA:1499,0
DA:1500,0
DA:1502,0
DA:1503,0
DA:1511,0
DA:1513,0
DA:1514,0
DA:1515,0
LF:89
LH:0
end_of_record
SF:/usr/include/c++/7/bits/vector.tcc
FN:165,_ZNSt6vectorI10VictimFileSaIS0_EE8_M_eraseEN9__gnu_cxx17__normal_iteratorIPS0_S2_EES6_
FN:179,_ZNSt6vectorI10VictimFileSaIS0_EEaSERKS2_
FN:394,_ZNSt6vectorI10VictimFileSaIS0_EE17_M_realloc_insertIJRKS0_EEEvN9__gnu_cxx17__normal_iteratorIPS0_S2_EEDpOT_
FNDA:0,_ZNSt6vectorI10VictimFileSaIS0_EE8_M_eraseEN9__gnu_cxx17__normal_iteratorIPS0_S2_EES6_
FNDA:0,_ZNSt6vectorI10VictimFileSaIS0_EEaSERKS2_
FNDA:0,_ZNSt6vectorI10VictimFileSaIS0_EE17_M_realloc_insertIJRKS0_EEEvN9__gnu_cxx17__normal_iteratorIPS0_S2_EEDpOT_
FNF:3
FNH:0
DA:165,0
DA:168,0
DA:170,0
DA:171,0
DA:172,0
DA:174,0
DA:179,0
DA:182,0
DA:185,0
DA:187,0
DA:188,0
DA:191,0
DA:192,0
DA:193,0
DA:194,0
DA:195,0
DA:196,0
DA:197,0
DA:199,0
DA:203,0
DA:204,0
DA:206,0
DA:208,0
DA:209,0
DA:210,0
DA:211,0
DA:212,0
DA:213,0
DA:214,0
DA:216,0
DA:218,0
DA:219,0
DA:223,0
DA:225,0
DA:226,0
DA:228,0
DA:230,0
DA:232,0
DA:394,0
DA:403,0
DA:405,0
DA:406,0
DA:407,0
DA:415,0
DA:416,0
DA:422,0
DA:424,0
DA:426,0
DA:427,0
DA:429,0
DA:431,0
DA:433,0
DA:434,0
DA:436,0
DA:438,0
DA:439,0
DA:440,0
DA:442,0
DA:443,0
DA:444,0
DA:446,0
DA:447,0
DA:448,0
DA:449,0
DA:450,0
DA:451,0
DA:452,0
DA:453,0
DA:454,0
LF:69
LH:0
end_of_record
SF:/usr/include/c++/7/ext/alloc_traits.h
FN:94,_ZN9__gnu_cxx14__alloc_traitsISaI10VictimFileEE17_S_select_on_copyERKS2_
FN:100,_ZN9__gnu_cxx14__alloc_traitsISaI10VictimFileEE27_S_propagate_on_copy_assignEv
FN:109,_ZN9__gnu_cxx14__alloc_traitsISaI10VictimFileEE15_S_always_equalEv
FNDA:0,_ZN9__gnu_cxx14__alloc_traitsISaI10VictimFileEE17_S_select_on_copyERKS2_
FNDA:0,_ZN9__gnu_cxx14__alloc_traitsISaI10VictimFileEE27_S_propagate_on_copy_assignEv
FNDA:0,_ZN9__gnu_cxx14__alloc_traitsISaI10VictimFileEE15_S_always_equalEv
FNF:3
FNH:0
DA:94,0
DA:95,0
DA:100,0
DA:101,0
DA:109,0
DA:110,0
LF:6
LH:0
end_of_record
SF:/usr/include/c++/7/ext/new_allocator.h
FN:79,_ZN9__gnu_cxx13new_allocatorI10VictimFileEC2Ev
FN:81,_ZN9__gnu_cxx13new_allocatorI10VictimFileEC2ERKS2_
FN:86,_ZN9__gnu_cxx13new_allocatorI10VictimFileED2Ev
FN:99,_ZN9__gnu_cxx13new_allocatorI10VictimFileE8allocateEmPKv
FN:116,_ZN9__gnu_cxx13new_allocatorI10VictimFileE10deallocateEPS1_m
FN:129,_ZNK9__gnu_cxx13new_allocatorI10VictimFileE8max_sizeEv
FN:135,_ZN9__gnu_cxx13new_allocatorI10VictimFileE9constructIS1_JRKS1_EEEvPT_DpOT0_
FN:140,_ZN9__gnu_cxx13new_allocatorI10VictimFileE7destroyIS1_EEvPT_
FNDA:0,_ZN9__gnu_cxx13new_allocatorI10VictimFileEC2Ev
FNDA:0,_ZN9__gnu_cxx13new_allocatorI10VictimFileEC2ERKS2_
FNDA:0,_ZN9__gnu_cxx13new_allocatorI10VictimFileED2Ev
FNDA:0,_ZN9__gnu_cxx13new_allocatorI10VictimFileE8allocateEmPKv
FNDA:0,_ZN9__gnu_cxx13new_allocatorI10VictimFileE10deallocateEPS1_m
FNDA:0,_ZNK9__gnu_cxx13new_allocatorI10VictimFileE8max_sizeEv
FNDA:0,_ZN9__gnu_cxx13new_allocatorI10VictimFileE9constructIS1_JRKS1_EEEvPT_DpOT0_
FNDA:0,_ZN9__gnu_cxx13new_allocatorI10VictimFileE7destroyIS1_EEvPT_
FNF:8
FNH:0
DA:79,0
DA:81,0
DA:86,0
DA:99,0
DA:101,0
DA:102,0
DA:111,0
DA:116,0
DA:125,0
DA:126,0
DA:129,0
DA:130,0
DA:135,0
DA:136,0
DA:140,0
LF:15
LH:0
end_of_record
SF:/usr/include/c++/7/new
FN:168,_ZnwmPv
FN:174,_ZdlPvS_
FNDA:0,_ZnwmPv
FNDA:0,_ZdlPvS_
FNF:2
FNH:0
DA:168,0
DA:169,0
DA:174,0
LF:3
LH:0
end_of_record
